0.026757
0.788707
0.889759
1.016230
0.964952
1.135446
0.789033
0.859435
0.972221
1.083522
0.842688
1.009196
0.962731
0.822638
-0.860517
-0.942645
-0.957020
-1.047237
-1.146994
-0.980786
-1.033300
-1.095762
-1.008177
-1.119702
-1.015882
-1.042494
-0.966634
-1.011046
-1.012090
-0.903108
-0.979574
-0.769069
0.267716
0.951528
0.871052
1.088191
0.926197
1.098513
0.649011
0.834233
0.987088
1.049090
0.805056
1.041232
0.967465
0.905620
-0.868964
-0.925314
-0.971385
-1.018059
-1.134684
-1.104629
-1.038333
-1.061188
-1.066706
-1.162097
-1.003939
-0.930031
-0.956281
-0.945852
-1.060082
-0.838306
-0.870799
-0.717129
0.306702
0.984569
0.961709
1.041491
0.938416
1.145939
0.768830
0.942281
1.001597
1.008041
0.842871
1.033101
1.002659
0.886157
-0.830903
-0.921330
-0.863608
-0.968151
-1.085633
-1.014892
-1.102103
-1.020039
-1.072075
-1.107636
-1.018147
-0.982761
-0.964492
-0.842273
-0.973504
-0.906781
-0.920881
-0.740594
0.507649
0.988103
0.977929
1.073035
1.028109
1.169446
0.802879
0.976383
0.986106
0.984255
0.869822
1.068831
0.977234
0.938877
-0.946157
-0.843144
-0.739584
-1.024767
-1.085017
-0.909495
-1.095533
-1.019436
-1.013573
-1.092717
-1.027871
-0.990120
-0.956140
-0.934263
-0.977883
-0.886937
-0.913911
-0.744343
0.539605
0.965511
1.051930
1.090198
0.973573
1.043127
0.640310
0.906209
0.959507
0.937518
0.791970
0.989452
1.039684
0.824714
-0.858864
-0.894636
-0.680736
-0.927069
-1.094766
-0.966060
-1.042890
-1.058001
-1.023822
-1.056999
-0.996773
-0.912103
-0.966403
-1.035951
-0.889430
-0.892575
-0.869802
-0.618398
0.495381
0.998178
1.061814
1.056822
0.972933
1.002683
0.789852
0.987359
0.997710
0.857682
0.792990
1.031881
1.032364
0.628093
-0.927238
-0.944922
-0.790856
-1.035902
-1.034161
-0.957365
-0.968093
-1.055460
-0.944674
-1.053387
-0.954279
-0.949173
-0.980776
-0.958101
-0.943399
-0.959786
-0.914386
-0.720685
0.330961
1.009393
0.976030
1.053446
0.979940
0.985803
0.848401
0.902269
0.981170
0.951283
0.800866
0.982968
0.963642
0.128440
-0.906264
-0.937002
-0.890237
-1.063036
-1.002901
-1.044531
-1.068342
-1.000409
-0.971072
-1.082550
-1.027033
-0.932586
-1.025124
-1.004182
-0.958362
-1.000213
-1.016421
-0.718910
-0.116995
0.725134
0.942358
1.036349
0.990921
0.854303
1.057826
0.997164
1.089085
0.882649
0.921313
0.992690
0.842379
-0.622704
-0.904732
-0.907744
-0.902261
-1.071556
-1.100252
-1.068675
-1.060513
-1.029650
-1.013556
-1.004242
-1.030859
-0.935541
-0.983005
-1.066600
-1.016401
-1.030902
-0.922516
-0.869455
-0.443486
0.334056
0.991165
0.963759
1.039179
0.803996
0.968984
0.995800
1.006210
0.837337
0.972949
0.907389
0.929411
-0.820135
-0.828562
-0.938062
-1.034688
-1.144728
-0.985078
-1.104932
-1.052597
-1.021108
-1.092049
-1.095493
-1.037714
-1.000015
-1.044886
-1.009074
-1.001293
-1.017398
-0.937503
-0.902412
-0.721611
-0.238055
0.882701
0.954477
1.097344
0.708313
1.025635
1.029536
1.047524
0.859058
1.041479
1.000867
1.039546
-0.865151
-0.884424
-0.873793
-1.027294
-1.023072
-1.077611
-1.076982
-1.048861
-1.010507
-1.113853
-1.089984
-1.038516
-1.075950
-1.006264
-1.007876
-1.048560
-1.064909
-0.928475
-0.988646
-0.715204
-0.453063
0.950297
1.009083
1.123178
0.806751
1.016569
1.049408
1.096259
0.910224
1.085634
1.006151
0.959150
-0.844171
-0.871984
-0.915668
-1.002633
-1.133087
-0.984712
-1.064525
-1.030174
-1.024882
-1.098541
-1.010348
-1.082802
-1.081201
-1.004338
-1.046241
-1.075419
-1.029252
-0.904542
-0.950912
-0.630219
-0.559348
0.949791
1.047015
1.148599
0.837826
1.004350
0.931436
1.098065
0.890827
1.018547
1.009534
0.919647
-0.818430
-0.988157
-0.861431
-0.985148
-1.065659
-0.988285
-1.010572
-1.039191
-1.011286
-1.021802
-1.033965
-1.042865
-1.007815
-1.014260
-1.019178
-1.042271
-1.022605
-0.916096
-0.864278
-0.722198
-0.664532
0.970584
1.019784
1.138095
0.766081
0.967697
0.974732
1.004804
0.819913
1.004048
1.036987
0.899057
-0.835972
-1.008398
-0.953022
-0.982542
-1.154211
-1.027586
-1.022330
-1.096544
-1.001643
-1.077977
-1.026377
-1.028687
-0.942025
-0.983017
-1.070750
-0.885440
-0.935203
-0.827586
-0.935517
-0.801327
-0.480624
0.986262
1.005988
1.121716
0.821553
1.020061
0.926011
0.962300
0.714682
1.008241
1.003420
0.781139
-0.850208
-1.009560
-0.980925
-1.053855
-1.005879
-0.963912
-1.048132
-1.009010
-0.988177
-1.037467
-0.969116
-0.950861
-1.002457
-1.025344
-1.048803
-0.922594
-0.982997
-0.775974
-0.891500
-0.762449
-0.073215
0.899079
1.023928
1.075405
0.855353
0.989815
0.986304
0.858738
0.791857
1.106504
0.987965
0.215706
-0.938555
-1.017708
-0.925786
-1.012900
-1.063139
-1.027523
-1.047189
-1.030496
-1.072674
-1.009060
-0.991325
-0.992687
-0.965498
-1.092003
-0.992965
-1.017137
-1.080708
-0.778408
-0.952776
-0.752323
0.418076
0.997044
0.965969
0.863218
0.970589
0.998236
1.010571
0.863109
0.978129
1.064711
0.907227
-0.592568
-0.836980
-0.996668
-1.007372
-1.109249
-1.024918
-1.061509
-1.128091
-1.051885
-1.026950
-1.047880
-0.956685
-0.993995
-1.025043
-1.082650
-1.036251
-0.983644
-0.991787
-0.703198
-0.899965
-0.787161
0.687320
0.890362
1.037990
0.801546
0.940984
1.046347
1.042267
0.765206
0.961844
0.970471
0.860742
-0.731251
-0.918668
-1.011672
-1.077142
-1.052885
-1.063354
-1.109460
-1.148940
-1.042800
-1.125855
-0.996917
-0.945719
-0.976823
-1.057465
-1.070239
-1.021390
-1.057701
-1.041475
-0.860730
-0.878232
-0.717536
0.790084
0.888450
1.087355
0.737969
0.906634
0.935104
0.943695
0.756230
1.024429
1.000586
0.939718
-0.801527
-0.887543
-0.869974
-1.057329
-1.200001
-1.084367
-1.082000
-1.039607
-1.084544
-1.077920
-1.036698
-0.996943
-0.956863
-0.992036
-1.068941
-0.970840
-1.059873
-0.984726
-0.734943
-0.765104
-0.630414
0.877577
0.912560
1.087168
0.859448
0.911571
0.978070
0.981449
0.814561
1.083503
1.043628
1.025861
-0.762576
-0.850621
-0.879684
-1.040797
-1.129285
-1.016853
-1.056812
-0.954605
-0.974095
-1.050581
-1.041502
-1.048430
-0.999798
-0.999005
-0.928635
-0.981447
-1.034773
-0.982843
-0.734390
-0.837406
-0.675174
0.904158
0.875577
1.145934
0.762067
0.920468
0.975514
0.987517
0.848164
1.098567
0.989429
1.049290
-0.844096
-0.886137
-0.852357
-1.042917
-1.141932
-0.898975
-1.089414
-1.046936
-0.963367
-1.084356
-1.077590
-1.063947
-0.886904
-0.991108
-1.000249
-0.952702
-1.030097
-1.004003
-0.770890
-0.762476
-0.687833
0.902295
0.868787
1.116700
0.788111
0.963296
1.076985
1.012286
0.795603
1.110799
1.033515
0.938457
-0.776296
-0.898136
-0.839440
-1.006624
-1.134413
-1.072151
-1.100704
-1.078337
-1.009091
-1.062597
-1.028913
-1.065843
-1.116121
-1.001868
-0.940942
-0.991464
-1.101031
-1.012540
-0.794056
-0.830099
-0.712109
0.851893
0.751150
1.053947
0.799297
1.015990
1.022230
1.003466
0.772491
1.027959
0.946942
0.827291
-0.857465
-0.960822
-0.917589
-1.008054
-1.046847
-1.023996
-1.099237
-1.020881
-0.995938
-1.046758
-0.884058
-0.984589
-1.051018
-0.959737
-1.010509
-0.921119
-1.065689
-0.996115
-0.886302
-0.930597
-0.850927
0.483948
0.605635
0.765961
0.811541
0.951861
1.009748
0.971738
0.862364
0.995937
0.981873
0.615441
-0.674921
-0.817802
-0.951580
-1.032670
-1.024495
-0.977416
-1.003418
-1.039529
-0.977894
-0.994455
-0.993278
-0.919219
-1.054457
-1.031427
-0.920108
-0.973545
-1.119678
-0.955810
-0.855943
-0.950697
-0.972260
-0.746808
-0.604346
-0.414545
0.740292
0.973908
1.110504
0.873099
0.825214
1.050686
1.048386
0.656987
0.035811
-0.595836
-0.950452
-1.156805
-1.090285
-1.010685
-1.092452
-1.057093
-1.009292
-0.988425
-1.015679
-0.823008
-1.054391
-1.011528
-0.903394
-1.088833
-1.061151
-0.947539
-0.937233
-0.972663
-1.002469
-1.030153
-0.812053
-0.990257
0.546192
0.982254
1.082115
0.875129
0.944414
0.967599
1.083545
0.843794
0.791064
0.151396
-0.931122
-1.132768
-1.018447
-1.027794
-1.101110
-1.064307
-1.023853
-1.065117
-0.943026
-0.923190
-1.020625
-0.968795
-0.925641
-1.046510
-0.999866
-0.913599
-0.858561
-1.094250
-0.910044
-1.026109
-0.797969
-0.939785
0.497965
0.974540
1.004517
0.801045
1.004894
0.931034
1.149922
0.855672
0.942998
0.588763
-0.859169
-1.181538
-0.956719
-1.059214
-1.070098
-1.051667
-1.071159
-1.067358
-1.001614
-0.967575
-0.978234
-0.982461
-0.933955
-1.001123
-1.017070
-0.891234
-0.925792
-1.123016
-0.857466
-0.946691
-0.676401
-0.863849
0.599969
0.865634
1.041152
0.848757
1.041562
1.006298
1.105757
0.863170
0.902261
0.759797
-0.779084
-1.144662
-0.891736
-1.058725
-1.033280
-1.060728
-1.043551
-1.049268
-1.017463
-0.949801
-0.942320
-0.889103
-0.882812
-0.973621
-0.984272
-1.002621
-0.877893
-1.096308
-0.841722
-0.919119
-0.701586
-0.922080
0.637513
0.942541
1.023437
0.748036
1.000940
1.043075
1.150604
0.773590
0.851733
0.717817
-0.749409
-1.042234
-0.940065
-1.052116
-1.038227
-1.062593
-1.046544
-1.085032
-0.975740
-1.048178
-0.957149
-0.942250
-0.928261
-1.073348
-0.966561
-0.969039
-0.953753
-1.045251
-0.702355
-0.921245
-0.730025
-0.827341
0.622858
0.820263
0.977146
0.816977
1.032698
0.985073
1.092327
0.865920
0.920303
0.782528
-0.727108
-1.043719
-0.930069
-1.019487
-1.020477
-1.038687
-1.036090
-1.041643
-0.937334
-1.046967
-0.996724
-1.042926
-0.893554
-1.083686
-0.987133
-1.041970
-0.880246
-0.980748
-0.729922
-0.895905
-0.374389
-0.496395
0.714196
0.941069
1.073477
0.869498
1.018813
0.993355
0.952655
0.860146
0.840142
0.708368
-0.723839
-1.006328
-0.865842
-1.026502
-1.064750
-1.091018
-1.090673
-0.950182
-1.003645
-0.973980
-0.946257
-0.968930
-0.950359
-0.993192
-1.036599
-1.006604
-0.993229
-1.027959
-0.715291
-0.374424
0.269024
0.523342
0.890604
0.973709
1.048944
0.839422
0.985688
1.037113
0.933969
0.957087
0.916679
0.724225
-0.725203
-1.004406
-0.969232
-1.013155
-1.057603
-0.992966
-1.040710
-1.014328
-0.957506
-0.928724
-0.949472
-0.944708
-0.941095
-0.995184
-0.988600
-1.004728
-0.959853
-1.037550
-0.426072
0.523407
0.712833
0.930340
0.969826
1.095438
0.926225
0.864077
0.980054
1.111991
0.881965
1.066108
0.932073
0.587773
-0.750163
-0.928556
-0.948876
-1.039264
-1.043152
-0.893752
-1.039556
-1.024153
-0.911316
-0.962890
-0.997236
-0.982028
-0.908193
-1.044105
-0.973996
-1.013224
-0.941739
-0.949448
-0.313248
0.756056
0.897108
1.087814
0.883091
1.007370
0.748670
0.972420
0.983618
1.005717
0.755411
1.026723
0.972392
0.846809
-0.851989
-0.900859
-0.973445
-1.011534
-1.141521
-1.059442
-1.117019
-1.055716
-0.901725
-1.028884
-0.934422
-0.995772
-0.906508
-0.978843
-0.933386
-0.990681
-0.968031
-0.908709
-0.010788
0.875992
0.887473
1.053461
0.909612
1.050011
0.763812
0.940299
0.906560
1.071387
0.847267
1.036749
1.101483
0.890167
-0.848598
-0.827330
-0.973005
-0.936701
-1.114490
-1.001138
-0.988851
-1.061165
-1.010411
-1.031801
-1.068499
-0.967821
-0.886345
-0.956908
-0.961977
-0.953984
-0.966768
-0.903856
0.327086
1.021812
0.961270
1.061761
0.988529
1.080913
0.710092
0.940335
0.996158
0.964432
0.924968
1.086423
0.902099
0.906977
-0.859943
-0.869384
-0.783214
-0.956347
-1.087591
-0.998824
-1.068092
-1.022636
-1.070461
-1.113703
-1.089681
-1.052617
-1.037510
-0.982426
-0.907790
-0.957074
-0.893912
-0.777883
0.620951
0.992798
0.953162
1.126824
1.016081
1.102208
0.781902
0.974407
0.943175
1.079427
0.818717
0.977131
0.926925
0.890011
-0.861792
-0.837874
-0.804084
-0.949831
-1.140980
-1.005536
-1.151639
-1.006232
-0.938962
-1.146520
-0.972396
-1.084387
-1.016189
-1.025785
-0.954478
-0.921340
-0.921092
-0.679219
0.614426
0.977887
1.065223
1.113017
1.015252
1.101300
0.716841
0.998948
0.977176
0.989570
0.805049
1.053786
1.043902
0.799462
-0.746987
-0.861198
-0.809831
-0.970208
-1.091194
-1.036339
-1.021254
-0.939351
-0.944108
-1.037278
-0.960408
-0.969665
-1.035133
-1.043677
-0.971844
-0.913343
-0.871180
-0.642378
0.519420
1.048211
0.986604
1.109405
0.972394
1.080516
0.900867
0.988265
0.993926
0.918091
0.820177
1.021865
0.992676
0.731350
-0.795799
-0.943250
-0.871453
-0.964922
-1.093616
-0.958328
-1.033999
-0.979046
-0.994813
-1.047692
-0.975935
-1.002800
-0.983033
-0.959589
-0.940141
-0.922663
-0.925351
-0.804847
0.256236
0.964976
0.975491
1.065611
1.018109
0.986831
0.914732
0.923357
0.927850
0.940522
0.848222
1.022006
0.956376
0.289448
-0.816445
-0.903719
-0.915340
-1.036026
-1.050085
-0.947593
-1.006567
-1.033307
-1.044049
-1.074899
-1.031071
-0.914072
-0.974955
-0.964328
-0.910787
-0.957588
-1.063916
-0.779268
-0.078899
0.719240
0.910712
1.027031
0.975864
0.856082
1.009472
0.950492
1.117645
0.893872
0.856636
0.989459
0.916047
-0.496834
-0.843229
-0.931075
-0.981046
-1.049767
-1.045324
-1.097286
-1.040006
-1.052673
-1.041476
-0.956921
-0.932439
-0.979410
-1.023547
-0.946013
-0.969586
-1.113865
-0.949413
-0.832375
-0.499493
0.147643
0.970232
0.967438
1.007682
0.718735
1.020341
1.003019
1.024464
0.771458
0.963078
1.048594
0.917964
-0.778058
-0.869971
-0.900358
-1.072104
-1.149387
-0.999576
-1.092843
-1.042309
-1.021963
-1.090510
-1.050901
-1.079730
-0.927238
-0.997994
-1.012547
-0.957283
-1.027380
-0.952693
-0.824172
-0.730569
-0.347649
0.926476
0.894634
0.982092
0.759737
0.981876
0.964173
1.008363
0.732094
0.931221
1.047148
0.941548
-0.847182
-0.861500
-0.885022
-1.064373
-1.033969
-1.049357
-1.020829
-1.061433
-0.951874
-1.138221
-0.974244
-0.997882
-0.932609
-0.981237
-0.976562
-1.019758
-1.055054
-0.904017
-0.941735
-0.769452
-0.493362
0.985117
0.945164
1.098120
0.775313
1.029015
1.030184
1.039433
0.944265
1.045716
0.945013
0.924304
-0.781830
-0.882780
-0.877581
-1.078848
-1.139565
-0.917148
-0.971111
-1.036399
-0.959899
-1.089251
-1.063649
-1.038493
-0.952393
-0.965930
-1.042765
-1.006652
-1.089404
-0.922780
-0.926868
-0.778446
-0.485021
0.949600
0.973541
1.144154
0.819040
0.959180
1.022198
1.093927
0.885499
1.068717
1.027422
1.022679
-0.744930
-0.987696
-0.866164
-1.066922
-1.161111
-0.859902
-1.007251
-1.077614
-1.045902
-1.009840
-1.033165
-1.022179
-1.025164
-1.008419
-0.939896
-0.880698
-1.021171
-0.827672
-0.902033
-0.666955
-0.494179
0.921293
1.020998
1.174029
0.821625
1.089341
0.945077
1.003598
0.914304
1.080702
1.120494
0.914596
-0.805608
-0.943641
-0.882227
-1.051106
-1.171803
-0.997056
-0.946443
-1.050229
-0.998334
-0.994150
-0.989135
-0.998035
-1.030090
-1.044972
-1.008221
-0.914147
-0.969825
-0.832496
-0.984729
-0.725302
-0.500994
0.916907
0.986583
1.150550
0.810053
0.955534
0.921738
1.010078
0.822571
1.012275
0.972274
0.673256
-0.862608
-0.947202
-0.886861
-0.965887
-1.103566
-1.025875
-1.015620
-0.975576
-1.036790
-0.934271
-0.982972
-1.010861
-0.953315
-1.012063
-1.063920
-0.943117
-0.976204
-0.862944
-0.935857
-0.799417
-0.080389
0.956339
0.949504
0.976717
0.966543
1.023278
1.026960
0.934150
0.919050
1.010354
0.915148
0.283618
-0.897983
-0.958511
-0.913843
-1.042174
-1.075274
-0.999982
-0.974259
-0.975878
-0.991138
-0.907049
-0.955221
-1.003952
-0.923304
-1.022418
-1.032146
-1.026446
-1.035015
-0.893387
-0.894944
-0.734061
0.398136
0.901320
0.919260
0.800054
0.970787
1.031864
0.972141
0.858282
0.954130
0.961098
0.774217
-0.733626
-0.977475
-0.965084
-1.091809
-1.118525
-1.077473
-1.030960
-1.137304
-1.053918
-1.019739
-0.956652
-1.045729
-0.996685
-0.991416
-0.998562
-1.055434
-0.967566
-1.006762
-0.763221
-0.813434
-0.697862
0.746605
0.882568
1.010587
0.689148
0.990429
1.030406
1.055166
0.833659
1.016725
0.950899
0.732029
-0.851021
-0.893823
-0.923939
-1.089383
-1.085557
-1.027892
-1.055126
-1.150590
-1.042965
-1.117108
-1.039688
-0.996356
-0.998890
-1.023767
-1.014321
-0.998270
-1.018224
-1.082387
-0.903570
-0.811124
-0.759245
0.831981
1.022338
1.080944
0.750103
0.918353
0.963251
1.014563
0.863364
1.103321
1.027788
0.865255
-0.821733
-0.875373
-0.938507
-1.087676
-1.136510
-1.016112
-1.039517
-1.042949
-0.969094
-1.071856
-1.052569
-1.059768
-0.931137
-0.948544
-1.042054
-0.914088
-1.009918
-0.994915
-0.863682
-0.875806
-0.681669
0.923895
1.014354
1.068973
0.724702
0.866156
0.992717
1.065523
0.944977
1.121371
1.071004
0.995887
-0.795295
-0.887680
-0.838971
-1.019198
-1.003268
-0.996201
-1.107737
-1.097368
-1.004589
-1.047873
-1.030554
-0.951714
-0.935975
-1.035419
-1.051258
-0.883115
-0.900247
-1.025188
-0.810189
-0.821093
-0.644975
0.939779
0.928924
1.131886
0.760238
0.952091
1.022960
1.012220
0.915317
1.135635
1.115754
0.992705
-0.819537
-0.941303
-0.865256
-1.078216
-1.103151
-0.990399
-1.099755
-1.065846
-0.999682
-1.058118
-1.054798
-1.054415
-0.909761
-1.063643
-1.013055
-0.929103
-0.948790
-1.003951
-0.705001
-0.865974
-0.717784
0.928128
0.935864
1.085333
0.782396
1.022189
1.029963
1.088805
0.804076
1.056002
1.029112
1.000826
-0.779628
-0.913435
-0.836263
-0.988589
-1.083100
-1.073081
-1.087582
-1.077378
-1.067271
-1.116705
-1.030191
-1.051065
-1.056774
-0.998155
-0.950503
-1.005836
-1.054495
-1.043089
-0.747412
-0.885916
-0.666987
0.808458
0.803716
1.043964
0.831361
0.987006
0.902591
1.011581
0.783812
1.081472
0.901345
0.768660
-0.846631
-1.010654
-0.865222
-0.962490
-1.083687
-1.039712
-1.015939
-1.014249
-1.023109
-1.043432
-0.962753
-1.007401
-0.972716
-0.965144
-1.014940
-0.917770
-1.031396
-1.008344
-0.868440
-0.920536
-0.859430
0.439406
0.601930
0.776130
0.797231
1.050302
1.023335
1.022913
0.835216
0.990280
0.980906
0.631298
-0.658890
-0.889168
-0.831420
-1.006738
-1.060576
-0.952709
-1.051206
-1.010525
-1.057464
-1.039571
-0.955205
-1.016466
-1.023533
-1.008203
-0.975791
-1.065693
-1.095106
-1.020676
-0.868092
-0.941891
-0.974143
-0.652920
-0.594434
-0.419597
0.717232
1.007777
1.196062
0.913198
0.861062
1.026737
0.998857
0.601152
-0.078962
-0.660346
-0.894564
-1.117164
-1.062078
-1.010373
-0.988580
-0.990987
-1.046344
-1.000288
-0.950927
-0.930673
-1.037498
-1.017322
-0.842636
-1.033205
-1.162656
-0.960493
-0.911816
-0.996478
-0.900419
-0.954275
-0.879670
-0.880867
0.611924
1.017053
1.097810
0.935698
0.954169
1.031704
1.092256
0.771579
0.783883
0.075523
-0.891461
-1.054585
-0.969043
-0.997234
-1.073933
-0.941705
-1.008355
-1.004320
-0.956125
-0.970360
-0.995378
-0.951931
-0.928652
-1.059006
-1.054610
-0.955919
-0.914067
-1.095604
-0.896950
-1.090628
-0.734378
-0.885450
0.660239
0.961324
1.091728
0.846451
0.956938
0.957641
1.109079
0.838896
1.001514
0.464679
-0.802558
-1.030259
-0.994215
-1.048860
-1.068255
-1.052620
-1.115144
-1.091003
-0.993474
-0.965350
-0.970031
-0.909744
-0.902344
-1.011468
-1.083769
-0.858803
-0.842164
-1.195871
-0.874772
-0.971091
-0.699586
-0.835821
0.605399
0.974916
1.115863
0.849909
0.991095
1.021937
1.081269
0.833015
0.980253
0.716624
-0.722935
-1.011641
-0.942335
-1.026132
-1.047324
-1.041472
-1.141554
-0.978267
-1.045980
-0.981131
-1.015330
-0.960251
-0.946298
-1.100329
-0.986284
-0.939124
-0.898991
-1.051943
-0.859631
-0.974658
-0.720102
-0.890493
0.529250
0.920769
0.971605
0.796670
1.049937
1.088909
1.093948
0.834042
0.929687
0.706576
-0.641384
-1.022281
-0.917081
-1.014570
-0.975553
-0.996973
-1.088865
-1.004617
-0.973945
-1.012030
-1.012023
-0.905834
-0.833279
-1.060512
-1.027062
-0.998366
-0.939205
-1.091476
-0.834443
-0.903476
-0.602420
-0.792820
0.605256
0.778122
0.873769
0.853550
0.991519
1.026248
1.075467
0.902783
0.905279
0.729433
-0.775137
-1.032324
-0.859650
-1.010133
-0.993477
-0.996656
-1.049404
-0.972464
-0.944610
-1.048137
-0.999417
-1.020455
-0.874044
-1.134395
-1.067300
-0.988414
-1.005338
-1.007338
-0.727338
-0.796622
-0.163300
-0.444205
0.799061
0.954029
0.968004
0.952671
0.976201
0.880970
0.964958
0.808403
0.855922
0.663129
-0.726481
-1.090876
-0.904670
-1.034099
-0.953292
-0.981023
-1.025813
-0.991250
-0.967149
-0.982092
-0.965999
-1.048677
-0.929877
-0.971591
-1.016497
-1.003398
-0.997336
-1.040505
-0.720285
-0.392818
0.380995
0.506301
0.931794
0.974042
0.991527
0.911080
1.016635
1.044152
0.848865
0.931865
0.888347
0.754710
-0.665502
-1.019785
-0.966242
-1.014851
-1.008487
-0.982469
-1.054857
-1.100209
-0.989375
-1.016424
-1.010937
-1.041148
-0.982295
-0.937805
-0.985153
-0.925840
-0.937179
-1.041062
-0.393286
0.567631
0.741856
0.948722
0.953880
1.032840
0.816804
0.941242
0.969962
1.013903
0.812035
0.925667
0.964725
0.711421
-0.783206
-0.982758
-1.033455
-0.999787
-1.022305
-0.971082
-1.085911
-1.050682
-0.890002
-0.992417
-0.976847
-1.027808
-0.953959
-0.959050
-0.918097
-0.976159
-0.925139
-0.911898
-0.266862
0.733286
0.939379
1.036191
0.853048
0.987198
0.753265
0.981361
0.896569
1.062925
0.724070
0.946008
0.925304
0.769823
-0.832234
-0.901087
-0.896167
-1.091566
-1.079062
-0.896037
-1.075293
-1.043766
-0.990084
-0.984467
-0.924869
-1.070570
-0.924972
-1.018712
-0.941387
-0.940510
-0.899136
-0.877439
-0.021393
0.876339
0.927425
1.037856
0.910980
1.124098
0.688125
0.871795
0.836612
1.118815
0.736394
1.031003
0.993692
0.821929
-0.829727
-0.928410
-0.900042
-0.968329
-1.065442
-1.023584
-1.091825
-1.059188
-1.026564
-1.104611
-0.930709
-1.052883
-0.862349
-1.029877
-0.878732
-0.927854
-0.928867
-0.852772
0.188491
0.988449
0.875816
1.159214
0.941284
0.985649
0.594966
0.949443
1.022434
1.001271
0.754893
1.030316
0.926723
0.840386
-0.814236
-0.884094
-0.898353
-0.981181
-1.107022
-1.035253
-1.090399
-1.053267
-1.057689
-1.092611
-1.021394
-1.006652
-0.904071
-0.966084
-0.938122
-0.863913
-0.900330
-0.802859
0.448705
0.928958
0.913056
1.144297
0.977517
1.109854
0.828194
1.033372
0.985344
1.035180
0.717230
0.983351
1.003736
0.897993
-0.913346
-0.931845
-0.958754
-1.078085
-1.094304
-0.965660
-1.088659
-0.973402
-0.970453
-1.121896
-1.062520
-0.991169
-0.981961
-0.925040
-0.897336
-0.887890
-0.901467
-0.612929
0.607117
1.028164
1.044304
1.112315
0.924481
1.077347
0.833426
1.046787
0.974912
1.066718
0.867894
0.977000
1.050440
0.822531
-0.806118
-0.910668
-0.919840
-0.990107
-1.120509
-1.012153
-1.005274
-0.870537
-0.930828
-1.031981
-1.056612
-0.949525
-1.016188
-0.990445
-0.967980
-0.936023
-0.909788
-0.720673
0.531484
1.011227
0.939834
1.099193
1.023524
1.108189
0.922759
0.997852
0.961564
0.951011
0.884499
1.062568
0.950345
0.770324
-0.800713
-0.938617
-0.808827
-0.955634
-1.041368
-0.993144
-1.017545
-0.902392
-1.033884
-1.097103
-0.956769
-1.013993
-1.013336
-1.017381
-0.955643
-0.904654
-0.920361
-0.800695
0.288482
0.900599
0.914884
1.064149
1.000950
0.976807
0.965297
0.980012
1.013926
0.902225
0.810457
1.017778
0.892142
0.265165
-0.748741
-0.909313
-0.935214
-1.038703
-0.927514
-0.930804
-0.910941
-0.974865
-0.933881
-1.034667
-0.986143
-0.966599
-1.006289
-1.014797
-0.954554
-0.964335
-0.961572
-0.792675
-0.081011
0.654609
0.870772
0.967830
0.934510
0.822270
0.974311
0.995819
1.057335
0.908484
1.005145
1.013910
0.870800
-0.616882
-0.773100
-0.992397
-1.067828
-0.969466
-1.029357
-1.047891
-1.007856
-1.005546
-1.097114
-1.064399
-1.011643
-1.013103
-1.040656
-1.039724
-0.967047
-1.051622
-0.892150
-0.853772
-0.613890
0.103330
0.937792
0.971695
1.001952
0.648349
0.933031
1.001649
1.060716
0.783780
1.050629
1.040051
0.892004
-0.776558
-0.723288
-0.864748
-0.976312
-1.008435
-0.988691
-1.079162
-1.075457
-1.023535
-1.084943
-1.091968
-1.018179
-0.965275
-1.021463
-1.114305
-0.929567
-1.020226
-0.954307
-0.936198
-0.853411
-0.378432
0.942380
0.884492
0.991862
0.707568
0.948066
1.001093
1.069288
0.838401
1.038211
0.987560
0.938780
-0.810926
-0.860512
-0.855849
-1.029828
-0.975028
-0.927643
-1.077124
-1.140938
-1.028458
-1.150243
-1.007313
-1.010096
-0.919584
-1.033067
-0.993319
-0.961622
-1.092047
-0.903807
-0.961093
-0.794235
-0.488696
0.960538
0.927924
1.090244
0.701746
0.906787
0.993038
1.031704
0.917253
1.113071
0.990783
0.930203
-0.717555
-0.918804
-0.861112
-1.064933
-1.019620
-0.994256
-1.033971
-1.028294
-0.947918
-1.120701
-1.049200
-0.945001
-0.898492
-1.050098
-1.013492
-0.934781
-1.076433
-0.934055
-0.921032
-0.785951
-0.451819
0.896531
0.900345
1.069681
0.723483
0.989576
1.023128
1.099478
0.945723
1.144270
1.067535
0.963976
-0.792431
-0.918646
-0.938841
-1.032119
-1.143721
-0.952265
-1.052588
-0.973346
-0.935009
-1.045173
-0.978458
-0.954246
-0.877632
-1.012811
-0.877689
-1.018425
-1.001069
-0.840871
-0.958250
-0.702090
-0.577290
0.902096
0.985994
1.157338
0.844826
1.077950
1.008954
1.045436
0.845252
1.067085
1.020716
0.930881
-0.811316
-0.880145
-0.904502
-0.999813
-1.094208
-0.926570
-1.103616
-1.030853
-0.997436
-0.980351
-0.984800
-0.929112
-0.887379
-0.990959
-0.902699
-1.010424
-0.976159
-0.862174
-0.957955
-0.690812
-0.317820
0.958881
1.000166
1.103854
0.895167
1.016481
1.039180
1.044641
0.923309
1.022680
0.984033
0.715096
-0.788185
-0.943968
-0.827106
-0.961845
-1.049597
-0.948212
-1.039744
-0.998560
-1.043321
-1.019735
-0.907825
-0.903575
-0.899438
-0.934160
-0.983727
-0.976637
-0.935832
-0.836456
-0.877790
-0.707086
-0.060818
1.008721
0.937851
1.039233
0.983165
1.062025
1.002097
0.969719
0.878632
0.970912
0.867085
-0.012834
-0.911585
-0.906689
-0.882940
-1.081461
-1.045303
-1.063412
-1.126961
-1.003913
-1.017410
-1.044713
-1.001093
-0.997458
-0.929450
-0.922961
-0.970310
-1.030111
-1.010606
-0.846878
-0.898816
-0.684773
0.289149
0.937078
0.979034
0.855588
0.986763
0.974439
0.973908
0.945365
0.917552
0.964107
0.774646
-0.746025
-0.940363
-0.970706
-1.050576
-1.151554
-1.091314
-1.029476
-1.082257
-1.042585
-1.062514
-1.073420
-1.019360
-0.970182
-1.054194
-1.039412
-0.982906
-0.947182
-1.016130
-0.797014
-0.895243
-0.799479
0.739066
0.854260
0.967255
0.761675
0.998093
0.950784
1.007988
0.868386
1.046269
1.048611
0.838313
-0.808593
-0.931807
-1.036175
-1.077622
-1.141250
-1.072513
-1.080401
-1.089695
-1.096405
-1.123281
-1.058412
-1.045483
-0.959946
-1.015955
-1.012783
-0.974945
-0.956544
-1.057298
-0.781096
-0.799492
-0.770228
0.907784
0.976122
0.988376
0.749445
0.947151
0.966430
1.055099
0.840046
1.014391
0.982668
0.949358
-0.801937
-0.865710
-0.989945
-1.136607
-1.131176
-1.062747
-1.133647
-1.058490
-0.956637
-1.136004
-1.092043
-1.038533
-0.909318
-0.981379
-1.006562
-0.907361
-0.997670
-1.101701
-0.847885
-0.889791
-0.704595
0.977737
1.002696
1.098196
0.785814
0.941402
0.976610
1.086358
0.810074
1.178802
1.031974
0.999513
-0.697991
-0.806034
-0.952045
-1.077806
-1.088327
-1.072030
-1.058295
-1.010760
-0.966326
-1.092168
-1.077398
-0.986672
-0.969492
-1.053575
-0.969538
-0.865245
-0.855565
-1.007912
-0.695846
-0.816118
-0.671251
0.972474
0.983736
1.079918
0.862580
0.978617
0.983131
1.059475
0.939752
1.131989
1.042992
0.956510
-0.862410
-0.902857
-0.883390
-1.022661
-1.060680
-1.066376
-1.035503
-1.011803
-1.012072
-1.073875
-1.076338
-1.098359
-0.958003
-1.062975
-0.998821
-0.969226
-0.976411
-1.032575
-0.806480
-0.929749
-0.592567
0.954805
1.032955
1.041365
0.856320
1.026451
0.996171
1.015674
0.840795
1.053557
1.048532
0.913613
-0.800754
-0.816135
-0.927637
-1.016471
-1.051447
-1.038875
-1.081495
-0.994702
-1.071383
-1.106257
-1.110279
-0.988748
-0.960312
-0.972337
-0.980448
-0.968805
-1.063663
-0.998248
-0.792639
-0.849313
-0.657889
0.840552
0.910650
1.066214
0.788816
1.061057
0.983445
1.031926
0.888787
1.077411
0.935477
0.730149
-0.894272
-0.960886
-0.917388
-0.955561
-0.990842
-1.030532
-1.101708
-0.957150
-0.982414
-1.003676
-1.061852
-1.048649
-0.946931
-1.084722
-1.062121
-0.965381
-1.012336
-0.986261
-0.858168
-0.886599
-0.850491
0.402531
0.522093
0.800811
0.758025
1.013759
1.013923
1.002633
0.894952
1.043718
1.062757
0.620351
-0.701214
-0.845516
-0.966654
-1.005234
-0.944353
-1.011345
-1.035769
-1.002931
-1.009081
-1.042085
-1.034235
-1.049458
-1.066584
-1.029134
-0.968843
-1.039740
-1.058493
-0.967431
-0.812505
-0.934576
-0.909134
-0.645171
-0.598960
-0.389730
0.698483
0.967620
1.034060
0.894261
0.967938
1.041814
1.008208
0.692923
-0.094597
-0.636040
-0.954581
-1.053337
-1.054852
-1.071590
-1.026434
-0.977846
-0.974701
-0.976221
-1.030277
-0.943104
-1.078570
-1.009155
-0.917089
-1.024986
-1.116615
-0.950695
-0.875754
-1.035784
-0.939913
-1.034937
-0.894704
-0.892349
0.668500
0.983253
1.061589
0.805879
1.016062
1.062740
1.113757
0.801446
0.725670
0.072567
-0.864173
-1.106835
-1.019803
-1.058264
-1.057859
-0.974428
-1.099696
-1.052565
-1.073316
-1.018095
-1.011677
-0.974490
-0.945847
-1.041833
-1.013780
-0.955540
-0.965983
-1.090749
-1.012201
-1.038477
-0.840781
-0.971673
0.544688
0.893368
1.041656
0.798935
1.029861
1.010281
1.111460
0.765834
0.937277
0.622892
-0.795312
-1.034315
-1.074149
-1.162595
-1.041208
-1.017926
-1.087945
-1.068600
-1.052348
-0.957884
-1.049398
-0.957095
-0.920899
-1.123784
-0.987404
-0.893880
-0.921485
-1.114471
-0.857881
-0.989692
-0.771945
-0.885697
0.666101
0.975583
1.074035
0.828653
1.047544
0.979168
1.100186
0.800562
0.905576
0.862649
-0.822551
-1.038574
-1.059181
-1.099921
-1.050786
-1.010268
-1.101169
-1.019184
-1.040278
-0.987982
-0.947128
-0.953731
-0.899661
-1.114674
-1.039200
-0.890150
-0.807550
-1.133380
-0.808753
-0.967165
-0.719606
-0.921417
0.610856
0.981700
1.046277
0.759958
1.148521
1.034702
1.094590
0.862681
1.028092
0.770970
-0.724604
-1.062489
-1.036442
-1.123731
-1.072444
-1.022371
-1.119329
-1.032427
-0.917784
-0.957259
-0.908437
-0.908803
-0.937567
-1.145641
-1.029508
-0.994461
-0.977024
-1.126424
-0.784459
-0.955949
-0.589009
-0.763956
0.669386
0.881232
0.965749
0.857048
1.105832
1.048840
1.064018
0.916225
0.985316
0.852863
-0.691882
-1.110359
-1.042369
-1.097532
-0.999316
-0.925768
-1.035258
-0.945868
-0.916451
-0.925126
-0.883837
-0.989762
-0.885623
-1.016763
-1.028313
-0.942888
-0.968229
-1.095458
-0.800695
-0.833739
0.071966
-0.201042
0.821133
0.989119
1.006370
0.802969
0.993618
0.929449
0.973365
0.784363
0.954941
0.789239
-0.734127
-1.106395
-1.083485
-0.976214
-0.989157
-1.005005
-1.014122
-0.967261
-0.999466
-1.002619
-0.900260
-0.964213
-0.930632
-1.026365
-1.020584
-0.899281
-0.902194
-1.064831
-0.674331
-0.362788
0.626793
0.616468
1.032199
1.005144
0.929606
0.878855
1.002224
0.996863
0.958563
0.867326
0.897936
0.791965
-0.658420
-0.938024
-1.089591
-1.043453
-1.023513
-1.002498
-1.091177
-1.015548
-1.033125
-1.049319
-0.975939
-1.031603
-1.051582
-1.030313
-0.992954
-0.848261
-0.919870
-1.034565
-0.473120
0.557290
0.799529
0.865656
1.006959
0.945094
0.829556
0.842715
0.940612
1.071453
0.815448
0.833620
0.932562
0.712299
-0.702992
-0.943667
-1.038622
-0.979763
-1.032102
-0.997417
-0.960205
-0.971676
-0.976014
-0.992985
-0.947192
-1.049102
-0.977730
-1.042054
-1.011664
-1.002345
-0.934137
-1.008742
-0.197817
0.770546
0.863514
1.052708
0.900637
1.010633
0.792021
0.939247
0.938479
1.075522
0.924547
1.057321
0.909707
0.822290
-0.860158
-0.890704
-0.889802
-1.075787
-1.072457
-0.960752
-1.039552
-1.039799
-1.002429
-1.015185
-1.011935
-0.998816
-0.959064
-0.992724
-0.891365
-0.979117
-0.922207
-0.891396
0.013555
0.860766
0.934986
1.078269
1.003748
1.077280
0.679510
0.937121
0.903278
0.994900
0.820772
1.018970
0.980239
0.883724
-0.916554
-0.814015
-0.900587
-1.018867
-1.062104
-1.037741
-1.056486
-1.089325
-0.995084
-0.987151
-0.974364
-0.914130
-0.904014
-1.027902
-0.924922
-0.962344
-0.939437
-0.876311
0.243623
0.960382
0.901188
1.112813
1.022966
1.128781
0.809010
0.951605
0.965494
0.936633
0.719096
1.088671
0.985127
0.854623
-0.887881
-0.850910
-0.819778
-1.079041
-1.064270
-0.967932
-1.104573
-1.060693
-0.999893
-1.059722
-1.065481
-0.984964
-0.920573
-0.974781
-0.995916
-0.880165
-1.018719
-0.709244
0.416788
0.910555
0.891054
1.164971
1.009764
1.126847
0.795298
0.990004
0.921272
1.007990
0.668196
1.019337
1.027031
0.888720
-0.892372
-0.988221
-0.928034
-0.999304
-1.020109
-1.007441
-1.056113
-1.061796
-0.999976
-1.093442
-1.005562
-0.955993
-0.891324
-0.842446
-0.990022
-0.975432
-0.966296
-0.740320
0.482296
1.031293
1.047731
1.131226
0.964650
1.105170
0.712544
0.974872
0.959649
0.977445
0.802257
1.022168
1.021437
0.870533
-0.885369
-0.930481
-0.886339
-0.968117
-1.130358
-1.026037
-1.047866
-1.017230
-0.960283
-1.106699
-1.014290
-1.027952
-1.015346
-0.913429
-0.972356
-0.822023
-0.912116
-0.721755
0.509220
0.967479
1.006367
1.107039
1.025884
1.100904
0.982397
1.048702
0.993408
0.948198
0.971492
1.089328
0.964773
0.619022
-0.893253
-0.923972
-0.963712
-0.968502
-1.048904
-0.969490
-1.003130
-0.956006
-1.051270
-1.137001
-0.994651
-1.096468
-1.054133
-1.030808
-0.943890
-0.948836
-0.973942
-0.736294
0.114368
0.814290
0.914021
1.050662
0.922128
0.970695
0.941417
1.041678
1.015926
0.837522
0.775709
0.993443
0.911400
0.230603
-0.882574
-0.929785
-1.003414
-1.043060
-1.015629
-1.087665
-0.995361
-1.016527
-0.968056
-1.114050
-1.036938
-0.921174
-1.027291
-0.973123
-1.015358
-1.002484
-0.917749
-0.868039
-0.214922
0.607160
0.959724
0.985518
0.949400
0.843137
0.877805
0.939683
1.007791
0.861961
0.886261
0.941272
0.919665
-0.666537
-0.918400
-0.919426
-1.104105
-1.122875
-1.048430
-1.070768
-1.077555
-1.052728
-1.043397
-1.048941
-1.023461
-0.973644
-0.995107
-1.030804
-0.972059
-1.004329
-0.909635
-0.910443
-0.669362
0.035730
0.951256
0.952181
0.997423
0.716202
0.921519
0.941015
0.989746
0.875956
0.994484
0.975325
0.834854
-0.846838
-0.946346
-0.882535
-1.029805
-1.111487
-0.998503
-1.039603
-1.003674
-1.065874
-1.057547
-0.995439
-0.950819
-0.985963
-0.920212
-0.967798
-1.047048
-1.030998
-1.011892
-1.027480
-0.901720
-0.349602
0.961389
0.898300
1.082010
0.739491
0.892863
0.918965
1.092039
0.883927
0.966042
0.968966
0.875479
-0.813388
-0.856649
-0.922808
-1.028198
-1.087296
-1.010285
-1.010935
-1.084590
-1.019983
-1.058372
-1.041639
-0.947853
-0.932435
-0.961473
-0.951183
-0.920805
-1.044865
-0.947155
-1.022510
-0.843970
-0.459004
0.969370
0.868448
1.127463
0.749805
0.871781
0.966504
1.005954
0.843594
1.082358
0.967497
1.001013
-0.822524
-0.924742
-0.947503
-1.018833
-1.072863
-0.969199
-1.059169
-1.039097
-0.963771
-1.119787
-0.988565
-0.878098
-0.879801
-1.004896
-0.954926
-0.909342
-1.035339
-0.893562
-0.972250
-0.760776
-0.412051
0.931063
0.928776
1.129690
0.700604
0.920126
0.957291
1.104234
0.912994
1.043387
0.964618
1.000041
-0.861079
-0.871919
-0.829201
-0.952832
-1.132319
-0.994449
-1.051180
-1.026547
-0.972543
-1.079012
-1.048621
-0.961189
-0.919845
-1.050209
-0.928302
-1.006737
-1.027168
-0.884247
-0.964898
-0.777846
-0.537836
1.010098
0.967778
1.121999
0.835346
1.053981
0.995034
1.088365
0.861768
1.063805
0.987725
0.901940
-0.783376
-0.838467
-0.852601
-1.038238
-1.104691
-0.984074
-1.092981
-0.987336
-0.954682
-1.035132
-1.062498
-1.025080
-0.949354
-0.980707
-0.968802
-1.051062
-1.043551
-0.893532
-0.944437
-0.723515
-0.184096
0.989419
0.903868
1.083916
0.883528
1.030247
0.983299
1.030288
0.931266
1.024630
0.914249
0.654015
-0.840362
-0.955881
-0.890303
-1.049116
-1.080238
-0.908119
-0.977083
-0.920198
-1.025109
-1.031472
-1.018451
-0.946605
-0.872174
-0.968895
-1.005814
-0.950581
-1.039083
-0.889905
-0.867410
-0.583938
0.073581
1.050153
0.994204
0.981705
0.913458
1.021353
1.051120
0.958819
0.949324
0.975556
0.833437
0.066853
-0.964531
-0.993866
-0.961030
-0.998343
-1.069516
-1.001103
-1.032835
-0.931823
-0.949808
-1.043180
-1.009778
-0.925918
-0.953687
-0.938397
-0.909839
-1.010636
-1.016080
-0.907262
-0.872574
-0.666800
0.501880
1.006842
1.044012
0.818039
0.946215
0.961333
0.929234
0.864533
0.872421
0.975596
0.904318
-0.675222
-0.926161
-0.974906
-1.062385
-1.096182
-1.069094
-1.056533
-0.998791
-1.015502
-1.005121
-1.033392
-1.058689
-0.992276
-0.998932
-1.072233
-0.941044
-0.925384
-0.971020
-0.739798
-0.892069
-0.767240
0.789810
1.010476
1.075794
0.797503
0.973330
0.985209
0.947762
0.737219
0.903149
0.969009
0.911091
-0.800729
-0.919731
-1.031664
-1.054952
-1.097871
-1.084683
-1.034813
-1.032630
-1.066442
-1.097137
-1.033659
-1.086892
-0.971944
-0.952235
-1.030842
-0.988470
-0.946275
-0.934458
-0.688720
-0.789705
-0.789744
0.906301
0.973372
1.068377
0.856284
0.913017
0.999267
1.067388
0.792066
1.043579
1.005698
0.949701
-0.814420
-0.894584
-0.929267
-1.048239
-1.045704
-0.986491
-1.090603
-1.061471
-0.985439
-1.166082
-1.048318
-1.006804
-1.009638
-0.969430
-0.953541
-0.960156
-0.959220
-1.013972
-0.786597
-0.887727
-0.735258
0.981494
0.948357
1.101217
0.678828
0.932680
0.962225
1.026895
0.802278
1.137953
0.989993
0.815913
-0.696280
-0.853439
-0.903904
-1.007015
-1.103745
-0.967962
-1.018745
-1.036638
-0.941282
-1.147758
-1.104836
-1.080345
-0.979288
-0.984097
-0.941002
-0.883847
-0.993377
-0.992775
-0.827087
-0.821005
-0.668892
0.988126
0.901245
1.044699
0.788468
1.038900
1.004510
1.031557
0.817177
1.046176
0.989550
0.876731
-0.763556
-0.966027
-0.884807
-1.098630
-1.122695
-1.037776
-1.072254
-0.970948
-0.977990
-1.054470
-1.075712
-1.047153
-0.956139
-0.934227
-1.004753
-0.935799
-0.993503
-0.927147
-0.819728
-0.858218
-0.674682
0.907469
0.928986
1.035679
0.734329
0.940285
0.968447
1.021930
0.896369
1.008880
0.965666
0.883739
-0.758984
-0.836367
-0.895403
-0.976652
-1.141966
-1.002023
-1.033268
-0.959510
-1.047742
-1.039427
-1.014013
-0.974028
-0.797469
-0.945184
-0.992960
-0.974736
-0.964512
-1.062171
-0.923021
-0.870830
-0.656204
0.754133
0.876800
0.930923
0.799663
0.970428
0.963340
0.952587
1.011483
1.041806
1.006101
0.799144
-0.780445
-0.944243
-0.912796
-1.020291
-1.076119
-0.936168
-1.089366
-0.998045
-0.985188
-1.002874
-1.050170
-1.080137
-0.973845
-1.016058
-0.943253
-0.963855
-1.074987
-1.035508
-0.906931
-0.860796
-0.783377
0.245914
0.581414
0.831524
0.799449
1.011170
1.044839
0.947868
1.007734
1.059651
1.005390
0.681767
-0.604226
-0.843713
-0.965684
-1.027110
-0.996089
-1.009301
-1.098552
-0.987624
-0.957693
-1.049228
-1.006603
-0.970784
-1.079742
-0.986410
-0.884650
-0.969617
-1.050252
-0.993741
-0.772241
-0.911904
-0.954026
-0.730245
-0.421323
-0.320661
0.723508
1.013891
1.064708
0.805240
0.973736
1.079399
1.059741
0.647773
-0.032252
-0.518183
-0.937408
-1.134490
-1.081881
-1.030061
-1.111498
-0.978070
-0.962695
-0.957658
-1.002152
-0.956080
-0.991371
-0.981813
-0.939309
-0.977660
-1.077298
-0.980140
-0.868133
-1.092083
-1.023813
-1.055854
-0.778608
-0.809916
0.749117
0.987451
1.117819
0.817293
1.068617
1.093493
1.091827
0.708684
0.701362
0.058651
-0.777029
-1.147922
-1.035181
-1.086961
-1.047549
-0.978751
-1.122476
-1.027038
-1.019625
-1.000587
-0.945444
-0.974025
-0.984132
-0.960095
-0.944566
-0.943106
-0.963360
-1.146613
-0.934275
-0.980188
-0.832179
-0.900491
0.691435
0.861532
1.068003
0.841033
1.149199
1.083394
1.122592
0.792503
0.990078
0.684756
-0.661031
-1.059894
-1.036892
-1.073527
-1.058461
-1.051208
-1.106109
-1.045936
-1.014429
-1.014516
-0.976022
-1.033832
-0.939059
-0.980497
-0.880972
-0.896486
-0.936832
-1.062437
-0.792485
-1.029839
-0.857203
-0.973657
0.647160
0.917987
1.079959
0.828257
1.051517
1.022411
1.131825
0.769327
0.987804
0.841568
-0.703115
-1.134692
-1.016724
-1.057318
-1.023758
-1.059375
-1.144531
-1.011733
-1.012452
-1.028536
-1.025968
-0.987207
-0.924179
-1.052431
-0.989606
-0.902861
-0.831121
-1.077913
-0.746612
-0.960162
-0.779679
-0.913645
0.634712
1.010155
1.050435
0.803204
1.112067
1.036534
1.154385
0.919109
1.082477
0.765426
-0.645265
-1.070349
-0.988379
-1.076346
-0.982975
-0.996755
-1.062372
-0.994676
-1.019450
-0.903090
-0.970895
-0.922476
-0.958685
-1.003030
-0.980271
-0.952731
-0.949673
-1.039716
-0.661889
-0.945666
-0.642193
-0.806092
0.657465
1.048694
1.069865
0.882545
1.083669
1.042774
1.126214
0.869536
0.998254
0.872851
-0.601859
-1.063863
-0.942625
-1.062666
-0.994400
-0.967119
-1.065990
-0.926790
-0.989705
-0.951881
-0.965372
-0.965590
-0.965976
-1.053445
-0.981688
-0.937872
-0.868135
-0.971464
-0.875965
-0.762657
0.007340
-0.226779
0.752933
1.100608
1.085224
0.835173
1.061506
0.986965
1.071246
0.815386
0.944301
0.773563
-0.717911
-1.092177
-0.982066
-1.042220
-1.022792
-1.034842
-1.052612
-1.012210
-0.959166
-0.917333
-0.909719
-0.910863
-0.927085
-1.052793
-0.962362
-0.895239
-0.866160
-1.070051
-0.788035
-0.329689
0.648106
0.660800
1.035530
0.961881
1.019431
0.839953
1.008938
0.991113
0.906849
0.851224
0.829476
0.616859
-0.719645
-1.031655
-0.955239
-1.112989
-0.985038
-0.953044
-1.015583
-0.974720
-0.959437
-0.936398
-0.887244
-0.876133
-0.991473
-1.060803
-0.959612
-0.963558
-0.938839
-1.140604
-0.522092
0.666275
0.904620
0.886389
0.967284
0.993939
0.900308
0.862342
0.940309
1.045629
0.881531
0.870844
0.942370
0.631406
-0.748495
-0.951276
-0.995273
-1.062729
-1.054822
-0.947911
-0.951858
-1.026722
-1.033870
-0.969135
-0.947073
-0.911548
-0.969935
-1.003776
-1.017528
-0.978838
-0.964613
-1.060245
0.018808
0.864552
0.903321
1.076823
1.006052
1.104539
0.759535
0.956718
0.962959
1.053744
0.958823
0.991112
1.021740
0.833140
-0.832107
-0.913970
-0.935538
-1.047304
-1.094171
-1.013508
-0.996928
-1.091243
-1.002613
-1.080062
-1.048668
-1.079415
-1.013063
-1.043546
-1.043258
-0.915631
-0.942986
-0.869325
0.290140
0.910469
0.891978
1.118913
1.002425
1.058970
0.745329
0.963472
1.000229
1.006993
0.774194
1.053265
1.006812
0.884658
-0.869839
-0.905887
-0.886301
-1.039412
-1.066445
-1.087361
-1.097871
-1.043464
-1.023397
-1.128316
-1.099786
-1.032879
-0.982368
-1.029360
-1.005208
-0.942845
-0.950556
-0.746056
0.497041
0.985920
0.954975
1.107164
0.910183
1.075047
0.782938
0.943743
0.928775
0.975824
0.711869
1.032905
1.018683
0.868268
-0.843307
-0.892603
-0.890038
-1.016356
-1.068818
-0.961719
-0.974001
-0.910440
-1.005293
-1.117784
-1.083805
-1.029653
-0.891463
-0.988946
-0.970310
-0.887382
-0.949179
-0.667996
0.336476
0.985222
0.984181
1.120219
0.971060
1.148920
0.736830
0.980111
1.013283
1.110574
0.718774
1.036669
1.025293
0.930555
-0.766860
-0.897822
-0.817739
-0.936356
-1.067328
-0.864106
-1.035308
-1.056296
-1.040147
-1.125149
-0.981272
-1.033888
-0.879370
-0.924364
-0.925829
-0.928948
-0.924272
-0.741001
0.313684
1.018378
0.955585
1.207365
1.006554
1.160096
0.848175
1.006407
0.989648
1.011002
0.889687
1.081620
0.940688
0.900102
-0.762048
-0.865219
-0.934633
-1.068982
-1.051443
-0.955223
-1.063579
-0.993966
-0.990592
-1.105723
-1.102566
-1.069864
-0.918173
-0.859594
-0.965544
-0.828812
-0.899401
-0.726299
0.246204
0.971795
0.962219
1.109634
0.883206
1.070113
0.935920
1.008602
0.981411
0.971945
0.965419
1.056391
0.944109
0.645032
-0.861647
-0.882478
-0.996916
-1.139688
-1.021137
-0.903099
-1.037975
-0.985826
-0.925928
-1.133178
-1.099464
-0.995887
-1.059558
-1.001226
-0.847339
-0.936133
-0.857493
-0.786971
0.156999
0.903369
0.980971
0.959180
0.968329
0.959840
0.849139
0.946590
0.998419
0.823806
0.922090
1.001640
0.862402
0.049444
-0.947047
-0.984999
-0.975232
-1.053410
-1.028427
-0.979053
-1.110907
-1.002419
-0.963856
-1.108808
-1.049869
-0.961137
-0.985184
-1.034225
-1.005050
-0.931599
-0.914210
-0.803220
-0.194228
0.717224
1.036033
1.002251
0.965207
0.810445
0.863782
0.960878
1.111067
0.915706
0.927134
0.982985
0.786465
-0.766259
-0.934372
-0.908664
-1.073624
-1.061647
-0.973524
-1.015676
-1.040374
-1.020586
-1.108306
-1.071840
-1.101321
-1.028108
-0.998693
-1.023476
-0.916283
-0.989012
-0.857932
-0.796181
-0.642896
0.111032
0.949011
1.002169
1.045397
0.723711
0.975907
0.958520
1.038759
0.858408
0.945314
0.961227
0.807224
-0.859755
-1.006418
-0.950563
-1.031430
-1.054363
-0.965701
-1.011842
-0.998245
-1.058036
-1.077430
-1.016854
-1.039016
-0.946225
-0.934175
-1.015436
-1.011895
-1.022508
-0.974724
-0.978043
-0.848471
-0.354494
0.987110
1.001203
1.081467
0.776567
0.993255
1.017918
1.161661
0.893792
0.993838
0.981307
0.879763
-0.828831
-0.858433
-0.954815
-0.911172
-1.154086
-1.023818
-1.080276
-1.061369
-1.047987
-1.106127
-1.025313
-0.990644
-0.906679
-0.974561
-1.009493
-1.003352
-1.030170
-0.951632
-1.067490
-0.804430
-0.553658
0.917882
0.945027
1.106598
0.743658
0.931630
0.937122
1.144270
0.881122
1.075358
0.950591
0.909357
-0.855447
-0.918527
-0.931330
-0.995103
-1.051344
-0.927481
-1.095565
-0.978593
-0.971325
-1.052688
-0.964879
-0.938044
-0.924937
-0.943184
-0.970063
-0.963315
-1.107567
-0.964491
-1.018506
-0.671484
-0.446330
0.932161
0.930808
1.094602
0.694985
0.991310
1.039634
1.074355
0.906386
0.986137
0.927530
0.902967
-0.879456
-0.954247
-0.869681
-1.006599
-1.002441
-0.970885
-1.017323
-1.003572
-0.943398
-1.049207
-1.010854
-0.957577
-0.921416
-0.969531
-0.947481
-0.950659
-1.023503
-0.864490
-0.930920
-0.830989
-0.476904
1.016297
0.895107
1.080014
0.747556
0.913554
1.024208
1.017773
0.964768
1.035226
0.921466
0.907515
-0.791860
-0.851567
-0.865590
-0.935204
-1.094008
-0.948723
-1.060718
-0.989057
-0.887251
-1.042147
-1.019568
-1.001309
-0.939992
-0.988101
-0.937417
-1.046068
-1.066682
-0.825240
-0.937184
-0.771094
-0.369316
0.933153
0.875185
1.049945
0.695859
0.882510
0.969355
1.029302
0.958166
1.045014
0.909175
0.748214
-0.811745
-0.942573
-0.915273
-0.992765
-1.053387
-1.041799
-1.054784
-1.009614
-0.978138
-1.034794
-1.024680
-0.996445
-0.956763
-0.985971
-0.945654
-1.063603
-1.092941
-0.867332
-0.858851
-0.721630
-0.113846
1.008902
0.925248
0.976646
0.841362
0.961224
1.032020
1.026688
0.986861
1.008968
0.811165
0.144444
-0.818348
-0.924878
-0.989141
-1.085545
-1.031861
-1.048093
-1.030244
-0.958754
-1.047628
-1.036589
-1.054484
-0.972783
-1.007696
-0.874304
-0.917768
-0.995953
-1.025932
-0.797746
-0.901520
-0.679518
0.525415
0.950619
0.979042
0.769004
0.885977
0.989279
0.938517
0.899730
0.978512
1.014380
0.837341
-0.646289
-0.926004
-0.994603
-1.035472
-1.113202
-1.070553
-0.951972
-1.053102
-0.976111
-0.991606
-1.051589
-0.980124
-0.980722
-0.962991
-0.958001
-0.934394
-0.849210
-0.971151
-0.806492
-0.901769
-0.787634
0.802199
0.981924
1.067025
0.739649
0.915927
0.946461
0.942468
0.738479
0.978133
0.936172
0.735760
-0.860530
-0.862868
-1.000596
-1.059387
-1.085495
-1.066123
-1.013971
-1.003554
-0.982546
-1.113060
-1.074508
-1.036357
-1.016211
-1.000299
-0.996154
-1.045209
-0.958438
-0.909659
-0.777975
-0.891331
-0.797758
0.839883
0.959564
0.994656
0.740984
0.938214
0.927664
1.048774
0.821252
1.113489
0.919241
0.780016
-0.900628
-0.883708
-0.886271
-1.084913
-1.014461
-0.934723
-1.024964
-1.015992
-0.981456
-1.110523
-1.054097
-0.993776
-0.968461
-0.996974
-0.902993
-0.933784
-1.032241
-0.912511
-0.806737
-1.006423
-0.654962
0.859670
0.935174
1.063737
0.711681
1.064419
1.010978
1.119414
0.890431
1.114743
0.986890
0.769001
-0.862634
-0.871131
-0.914730
-1.021373
-1.113118
-1.011285
-1.074912
-0.903733
-0.977040
-1.229108
-1.119403
-0.976535
-0.943591
-0.981266
-0.933470
-0.918830
-1.000167
-0.979985
-0.737366
-0.884540
-0.703726
0.909748
0.942927
1.108341
0.709159
0.956431
1.051414
1.093638
0.837897
1.058033
0.929383
0.822656
-0.805759
-0.910517
-0.914391
-1.067513
-1.015760
-0.959893
-1.011583
-0.980456
-0.981115
-1.086502
-1.089435
-0.989868
-0.918760
-0.921467
-0.924345
-0.956075
-0.984367
-0.970959
-0.778689
-0.892480
-0.704637
0.935727
0.961047
1.082177
0.698006
0.951277
0.921028
1.048386
0.878986
1.062536
0.977515
0.923819
-0.700428
-0.848131
-0.879564
-1.006340
-1.094321
-1.015654
-1.057005
-1.049389
-1.078177
-1.039749
-1.002045
-1.008931
-0.923610
-0.969180
-0.957388
-0.931810
-1.034856
-1.004838
-0.851873
-0.883680
-0.645597
0.892581
1.020025
1.034506
0.763028
0.913039
0.959426
0.970018
0.912115
1.028657
0.932089
0.796276
-0.798521
-0.938445
-0.924199
-1.068082
-1.028352
-0.954383
-1.027855
-1.080214
-0.979218
-1.069001
-1.064418
-1.021713
-1.030709
-0.921657
-0.909704
-0.875881
-1.014856
-0.957742
-0.796154
-0.902734
-0.782740
0.289051
0.613647
0.828770
0.801857
1.039882
1.018094
0.961201
1.065533
1.088107
0.921292
0.706778
-0.595086
-0.829476
-0.959230
-1.041187
-1.033132
-1.002030
-1.044656
-1.077476
-0.989498
-1.069871
-1.031453
-0.962185
-1.023283
-0.980967
-0.972298
-0.954696
-1.078579
-0.985449
-0.758174
-0.931919
-1.001143
-0.806132
-0.538906
-0.536780
0.670188
0.955250
1.046876
0.764319
0.969790
1.105503
1.028105
0.718493
0.174069
-0.582941
-0.980780
-1.058574
-1.074012
-1.069538
-1.077478
-1.081967
-0.970684
-0.952176
-0.946800
-0.919525
-0.954735
-1.061750
-1.014131
-1.022125
-1.014472
-0.965489
-0.880972
-1.030711
-0.953179
-1.064979
-0.830057
-0.915802
0.606483
0.995279
1.011129
0.837124
1.114513
1.156152
1.087304
0.787710
0.806791
0.246497
-0.849724
-1.109104
-1.068365
-1.122876
-1.071442
-0.976023
-1.132135
-0.994184
-1.047124
-0.968690
-0.967552
-1.047340
-1.061488
-0.980958
-0.968947
-0.942364
-0.994973
-1.003534
-0.949886
-1.025329
-0.917590
-0.905556
0.620442
0.901940
1.041889
0.853250
1.086060
1.116800
1.116601
0.755902
0.955800
0.747646
-0.636465
-1.100499
-0.953562
-1.084654
-1.052213
-1.087206
-1.063700
-0.980078
-1.043071
-0.976057
-0.932800
-1.013896
-0.908973
-1.003959
-0.966419
-0.974736
-0.856985
-1.067588
-0.856411
-1.097691
-0.921056
-1.004672
0.617072
0.851416
1.054458
0.702875
0.996568
1.083150
1.153625
0.752930
0.987724
0.860307
-0.631975
-1.060813
-1.008255
-1.046433
-1.014800
-1.070466
-1.066480
-1.135028
-1.037543
-0.935426
-0.950915
-0.940300
-0.900375
-0.956868
-0.907388
-0.915711
-0.862456
-1.123569
-0.833144
-1.130681
-0.810025
-0.850201
0.717968
0.977361
1.030552
0.779845
1.041006
1.071949
1.189313
0.938589
0.971128
0.805241
-0.748198
-1.135543
-0.973604
-1.079735
-1.056245
-1.006077
-1.048258
-1.075209
-1.067578
-1.001951
-0.983686
-0.923409
-0.911151
-0.961646
-0.869823
-0.913261
-0.884897
-1.093438
-0.867288
-1.054570
-0.681895
-0.793171
0.744266
1.014240
1.010014
0.891311
1.001954
1.024232
1.109515
0.907117
0.966844
0.798849
-0.634488
-1.032232
-0.923393
-1.051905
-1.050350
-0.961991
-1.047550
-1.033053
-1.104685
-1.026188
-1.013157
-1.016992
-0.972471
-1.081646
-0.956529
-0.833483
-0.871991
-1.123706
-0.813902
-0.832055
-0.222783
-0.361879
0.805128
0.998880
1.043028
0.754446
1.030514
0.961009
1.018743
0.931617
0.980276
0.739650
-0.744453
-1.059411
-1.031040
-1.156602
-1.014970
-1.053230
-1.090322
-1.014443
-1.053895
-1.035198
-0.948566
-0.883769
-0.890740
-1.083344
-0.989838
-0.940497
-0.868846
-1.053563
-0.722705
-0.199544
0.770117
0.611266
1.022990
0.971704
0.969533
0.837188
0.981393
1.004466
1.009574
0.898323
0.882015
0.590273
-0.729717
-0.948297
-1.010826
-1.065916
-1.025319
-0.941703
-1.071230
-1.028728
-1.005788
-0.990765
-0.922410
-0.982305
-0.917562
-0.977237
-0.932252
-0.956757
-0.863964
-1.026910
-0.423702
0.699228
0.862956
0.921356
1.051675
1.006339
0.894235
0.912152
0.946540
1.095133
0.950286
0.961190
0.926631
0.671264
-0.731019
-0.938942
-0.963663
-1.019496
-1.049229
-0.960112
-0.961954
-1.088804
-1.084518
-1.029455
-0.964589
-1.013662
-1.012815
-1.002476
-0.968081
-0.961233
-0.803105
-0.988061
0.216450
0.803070
0.859548
1.062431
0.925630
1.040216
0.715645
0.907327
0.991177
1.070250
0.799471
0.947565
0.956448
0.862333
-0.849637
-0.950284
-0.935180
-0.984360
-1.005550
-0.997603
-1.046909
-1.077275
-1.055611
-1.133755
-1.029066
-0.984644
-1.002498
-1.053637
-1.058274
-0.965105
-0.914669
-0.864906
0.483179
1.007464
0.931714
1.127147
0.970218
1.101709
0.686873
0.958672
1.039251
1.016320
0.826547
1.040700
1.073257
0.980187
-0.925256
-0.954760
-0.954421
-0.997882
-1.098493
-1.048814
-1.101445
-1.016000
-1.047615
-1.043377
-1.136187
-0.977645
-0.922097
-1.044944
-0.976830
-0.920355
-0.951105
-0.715002
0.622825
0.998848
0.998505
1.088731
1.026951
1.060040
0.716130
0.991391
0.952483
1.080389
0.809950
1.036991
1.038011
0.907672
-0.876925
-0.933333
-0.882914
-0.995005
-1.036081
-0.954375
-1.029497
-0.975298
-1.010490
-1.120137
-1.095275
-0.981642
-0.903927
-1.032305
-1.006235
-1.012565
-1.001455
-0.674932
0.505508
1.060372
1.000569
1.104176
1.000063
1.160277
0.819706
1.067109
1.012686
1.043529
0.860965
1.034020
0.943733
0.871532
-0.886506
-0.870875
-0.818033
-1.013257
-1.085452
-0.869027
-1.038171
-1.030520
-1.003299
-1.127964
-1.097814
-0.967845
-1.030171
-1.013292
-0.980420
-0.899253
-1.045007
-0.793164
0.335621
1.005525
0.985294
1.215007
0.937227
1.089382
0.760013
1.041333
1.013068
1.085181
0.929734
1.083061
1.014444
0.815182
-0.864246
-0.935651
-0.866184
-1.000828
-1.151815
-0.932099
-1.046168
-1.051292
-0.975690
-1.117534
-1.054776
-1.002043
-0.998373
-0.965200
-1.017460
-0.936899
-0.998968
-0.757850
0.307054
0.977003
0.935453
1.190067
0.910082
1.088159
0.869417
0.990587
0.922533
0.947321
0.924667
1.018097
0.919160
0.542330
-0.883158
-0.937354
-0.975478
-1.035857
-1.019378
-0.880765
-1.005074
-0.955657
-0.932666
-1.053739
-0.920374
-1.002254
-0.980505
-0.948906
-0.986725
-0.929875
-0.928218
-0.806288
0.165171
0.921854
0.938842
1.022278
0.914502
0.965156
0.828229
1.027801
0.945788
0.846219
0.945411
1.035115
0.840621
-0.149114
-0.956702
-0.934474
-0.923852
-1.061398
-0.989514
-1.036675
-1.064260
-0.904277
-0.935087
-0.983305
-0.992237
-0.994191
-0.952717
-1.019814
-1.017541
-0.976876
-0.965528
-0.801155
-0.122664
0.753100
0.963618
1.026588
0.984496
0.853210
0.901184
0.919397
1.049620
0.845589
0.872654
0.898824
0.699560
-0.700507
-0.897275
-0.993436
-0.926797
-1.146442
-1.063586
-1.054129
-1.007991
-0.962509
-1.014669
-0.998315
-0.991590
-0.987948
-1.009480
-0.986079
-0.904338
-1.026958
-0.876822
-0.816366
-0.568685
0.306822
1.060630
1.005584
1.060183
0.790854
1.020964
0.926801
1.083809
0.854409
0.941965
0.872977
0.811851
-0.840707
-0.870650
-0.924419
-0.982459
-1.107183
-1.003675
-1.078136
-1.008628
-0.993171
-1.053140
-1.116627
-1.038523
-0.981275
-1.101172
-1.006699
-0.931413
-1.022287
-0.904435
-0.984924
-0.782187
-0.362455
0.948801
1.016935
1.109162
0.672926
1.021333
1.018335
1.105722
0.889678
1.006809
0.951420
0.930846
-0.901160
-0.832770
-0.845488
-0.926666
-1.067179
-1.025327
-1.118864
-1.034268
-1.020700
-1.086245
-1.106413
-0.981912
-0.965829
-1.092151
-1.060636
-0.893960
-1.036029
-0.987971
-0.960668
-0.844597
-0.575710
0.957792
1.008225
1.100805
0.645749
1.006568
1.009973
1.051890
0.847880
1.005057
0.951111
0.918082
-0.870576
-0.840598
-0.869160
-0.975868
-1.085739
-1.023620
-1.015848
-1.069126
-1.073623
-1.079132
-0.968971
-0.950286
-0.914118
-1.104662
-0.984926
-0.942007
-1.123326
-0.913325
-1.021350
-0.710159
-0.580554
0.895021
0.948907
1.076693
0.765209
1.003457
0.965236
1.050986
0.897265
1.041952
0.951391
0.904819
-0.877950
-0.901482
-0.888463
-0.993703
-1.094782
-1.015636
-1.057785
-0.961230
-0.951405
-1.025361
-1.010321
-0.954216
-0.928691
-0.956844
-1.011328
-0.983439
-1.014565
-0.838807
-0.885303
-0.776727
-0.568984
0.960546
0.868211
1.043532
0.783265
0.969099
0.990788
1.012369
0.979462
1.092741
1.054305
0.849402
-0.824927
-0.907616
-0.867750
-1.011133
-1.075064
-0.986745
-0.952162
-0.990763
-0.879654
-0.999718
-1.023502
-0.913463
-0.943846
-0.964618
-0.966505
-0.944355
-1.015801
-0.940575
-0.955549
-0.801731
-0.360191
0.935155
0.962924
0.981598
0.680495
0.985101
1.006720
1.054286
0.870956
1.137560
0.903611
0.707261
-0.815749
-0.912770
-0.916621
-0.977324
-1.067468
-0.942073
-1.002743
-0.981911
-0.967398
-1.005501
-0.973855
-0.979735
-0.934275
-1.024520
-0.897057
-0.912575
-1.004467
-0.927652
-0.945794
-0.723879
-0.056667
0.929444
1.001264
0.971124
0.770822
0.962004
1.088846
0.977795
0.994838
1.031402
0.849866
0.222823
-0.907590
-0.991663
-0.978795
-1.042595
-1.031560
-0.984568
-1.036841
-0.933665
-1.050202
-0.964269
-1.013843
-0.937161
-1.001517
-0.955674
-0.957217
-0.979832
-1.029569
-0.787493
-0.852447
-0.791945
0.453138
0.944359
1.019119
0.888223
0.963498
1.034183
1.075992
0.894534
0.994716
0.971199
0.919163
-0.687401
-0.946566
-0.923276
-0.967073
-1.043793
-0.993821
-1.046550
-1.057403
-0.956228
-0.973791
-1.017443
-0.890367
-0.983371
-1.084753
-1.025759
-0.980069
-0.987681
-1.051960
-0.846050
-0.897687
-0.753765
0.779770
0.904135
1.085773
0.827696
0.879892
0.880760
1.052540
0.732873
0.992403
1.009785
0.908390
-0.795944
-0.861796
-0.825248
-1.064379
-1.145901
-1.035750
-1.128042
-0.989927
-1.016457
-1.089923
-1.006781
-1.040070
-0.897228
-0.986321
-0.983944
-0.967785
-0.987440
-0.992735
-0.853126
-0.913149
-0.665294
0.832168
0.908144
1.075546
0.678958
0.905179
0.966016
1.042864
0.743233
1.116910
0.987551
0.761272
-0.885871
-0.970213
-0.867688
-1.074177
-1.097088
-0.977736
-1.084031
-0.962343
-1.011646
-1.085413
-1.021459
-0.983490
-0.963938
-0.947896
-0.996152
-0.932556
-1.043846
-0.982369
-0.754385
-0.865746
-0.693573
0.861934
0.909127
1.103461
0.797706
0.954539
1.010183
1.048075
0.836570
1.125930
1.014897
0.944756
-0.796125
-0.898922
-0.865030
-1.078006
-1.140697
-0.973708
-1.104428
-1.011828
-1.002102
-1.135707
-1.031592
-1.025195
-1.059858
-0.916857
-0.943739
-0.826222
-1.021944
-1.045957
-0.851957
-0.908272
-0.653930
0.959449
0.991832
1.140334
0.771384
1.019252
0.975340
1.071318
0.780774
1.079816
0.933577
0.924725
-0.747987
-0.913983
-0.942244
-1.051902
-1.070728
-0.953577
-1.006865
-0.994915
-0.967340
-1.095554
-1.077582
-1.070125
-1.032097
-0.983411
-1.027692
-0.993094
-1.106807
-0.954487
-0.865683
-0.856405
-0.714861
0.947642
0.969963
1.108865
0.821150
0.981918
0.907626
1.064214
0.869868
1.160217
0.971236
0.878949
-0.741503
-0.903952
-0.930937
-1.029415
-1.102419
-0.924205
-1.099293
-0.997391
-1.047386
-1.059973
-1.089326
-1.025235
-0.924123
-0.960019
-1.019799
-0.891908
-1.104112
-1.007236
-0.886092
-0.911896
-0.678253
0.899543
0.874620
1.051969
0.833466
1.022045
0.957137
1.090239
0.936368
1.170415
0.935031
0.802838
-0.740272
-0.918495
-0.889338
-0.978577
-1.076450
-1.041955
-1.063684
-0.991484
-1.009882
-1.038947
-1.030219
-0.908270
-1.003808
-0.991114
-0.916152
-0.957772
-1.037568
-1.003633
-0.801254
-0.939837
-0.797404
0.439713
0.614265
0.820661
0.890949
0.982822
1.093876
0.972126
1.001269
1.103766
0.986001
0.695362
-0.528215
-0.876907
-0.964359
-1.109676
-1.045513
-1.042289
-1.054252
-1.046726
-1.022762
-1.039553
-0.998736
-0.869488
-0.978945
-1.007904
-0.954701
-1.011307
-1.106460
-0.982691
-0.724357
-0.974003
-0.982668
-0.745000
-0.510447
-0.523409
0.700046
0.971373
1.041220
0.898919
1.017299
1.042368
1.066498
0.690760
0.246021
-0.499142
-0.923717
-1.037844
-1.089033
-1.070973
-1.093183
-1.062039
-1.051983
-0.916192
-1.038234
-0.884048
-1.078419
-0.985789
-0.972708
-1.039275
-1.035369
-0.975611
-0.920609
-1.143093
-0.899256
-0.930456
-0.864020
-0.880269
0.552126
0.950086
1.056103
0.818377
1.040969
1.051241
1.135930
0.731941
0.778718
0.126023
-0.884293
-1.084938
-1.156680
-1.072806
-1.111687
-1.013444
-1.118599
-0.959764
-0.974561
-0.971660
-1.020759
-1.027700
-1.032274
-1.050007
-0.869134
-0.877932
-0.972537
-1.114410
-0.934255
-0.980217
-0.820486
-0.927341
0.503688
0.880030
1.105849
0.821817
1.078588
0.976172
1.166453
0.784041
0.854283
0.592164
-0.795924
-1.090909
-1.049006
-1.067076
-1.021681
-1.064730
-1.075292
-0.970560
-1.030551
-1.007622
-1.033437
-1.058671
-0.960420
-0.969500
-0.943396
-0.950456
-0.939613
-1.131384
-0.898204
-0.996230
-0.781737
-0.924131
0.561784
0.817586
1.031508
0.820215
1.108128
1.011844
1.143643
0.801734
0.995227
0.761656
-0.777556
-1.021953
-0.890854
-1.087616
-1.055947
-1.023648
-1.122937
-1.081111
-1.063491
-0.937801
-1.031581
-0.933262
-0.936566
-0.951099
-0.881269
-0.922230
-0.886950
-1.131059
-0.851439
-0.946945
-0.714568
-0.846431
0.662931
1.017795
1.109689
0.825830
1.038373
1.092556
1.147979
0.837930
1.015161
0.795942
-0.781277
-1.133709
-0.914235
-1.038033
-1.047093
-1.011323
-1.118070
-1.058860
-1.163199
-0.975761
-1.047991
-0.917473
-0.955558
-1.025563
-0.944339
-0.918586
-0.864989
-1.163164
-0.759689
-0.910470
-0.626625
-0.765319
0.639375
0.984737
1.066726
0.833485
1.021760
1.072139
1.106298
0.914095
1.031364
0.837117
-0.812336
-1.150831
-1.001438
-0.976761
-1.084565
-1.016189
-1.075768
-1.030254
-1.024559
-0.977597
-0.992663
-1.030075
-0.894438
-1.037776
-0.974154
-0.926083
-1.005161
-1.156530
-0.869002
-0.806358
-0.204115
-0.289423
0.871970
1.054663
1.086952
0.886933
1.031238
0.987938
1.093948
0.994496
0.911008
0.805062
-0.684364
-1.039485
-1.020102
-1.142098
-0.984376
-1.041269
-1.095292
-1.002162
-1.021548
-1.046865
-1.043831
-0.938876
-0.925455
-1.004523
-1.058391
-0.995023
-0.852187
-1.017865
-0.624846
-0.272686
0.589221
0.627599
0.977448
1.033550
0.924752
0.821397
0.891269
1.020433
1.069378
0.976275
0.957708
0.692995
-0.731249
-1.039656
-1.032901
-1.034968
-1.106603
-0.985702
-0.915757
-0.977463
-0.977190
-1.098944
-1.000252
-0.905828
-1.006063
-1.037961
-0.984421
-0.938160
-0.869985
-0.951672
-0.351516
0.539655
0.821964
0.997179
0.937904
0.995307
0.886994
0.990133
0.977579
1.059166
0.903225
1.050285
0.916581
0.716086
-0.724881
-0.963608
-1.060572
-1.027115
-1.003691
-0.945905
-0.966776
-0.985839
-0.996920
-1.014089
-1.024921
-0.884392
-1.013311
-1.044729
-1.021903
-0.947730
-0.813033
-0.994400
0.065616
0.794757
0.861283
1.066790
0.981062
1.086603
0.782309
0.935826
0.971174
1.083940
0.897517
1.024330
0.998875
0.856298
-0.912503
-0.928995
-0.928273
-0.996593
-1.079989
-1.003310
-1.037942
-1.061732
-1.049141
-1.081707
-1.057434
-0.964471
-0.952998
-1.035949
-1.080636
-0.902280
-0.952112
-0.839378
0.515826
0.884414
0.887014
1.094084
0.975940
1.011404
0.586359
0.850975
0.988757
1.092975
0.821071
1.022256
0.964808
0.861356
-0.896125
-0.912409
-0.892709
-0.961101
-1.105515
-1.113485
-1.048273
-0.893134
-1.072647
-1.078190
-1.139438
-1.051170
-0.983174
-0.994324
-0.919655
-0.931986
-0.903605
-0.628154
0.492194
1.006032
0.967467
1.143889
1.002384
1.051613
0.754357
0.872324
0.994575
1.061491
0.861753
1.050819
1.012620
0.953186
-0.918304
-0.800559
-0.777551
-0.999221
-1.112173
-1.034090
-1.051444
-0.943128
-1.003025
-0.998572
-1.090327
-1.006872
-0.959895
-1.013027
-0.950122
-1.000153
-0.972153
-0.668655
0.580896
1.019373
0.962577
1.160728
0.978682
1.145191
0.779601
1.012503
0.994708
1.033425
0.861348
1.085708
1.072082
1.034223
-0.835008
-0.813415
-0.797956
-0.929288
-1.152408
-1.035625
-1.039608
-1.014251
-1.049353
-1.098224
-1.033802
-1.035001
-1.127967
-0.925795
-0.946264
-0.904323
-0.978796
-0.773180
0.460772
1.071528
0.899895
1.148937
0.999928
1.167849
0.732126
1.048847
0.992598
1.065375
0.892478
1.102702
1.067605
0.856479
-0.912800
-0.910148
-0.807725
-0.927241
-1.109060
-0.934831
-0.990705
-0.994482
-0.879555
-1.047851
-0.955884
-0.957402
-1.043676
-0.915819
-1.025204
-0.948232
-0.912550
-0.716850
0.405518
1.018809
0.905518
1.100354
0.864833
0.999474
0.830466
1.024338
0.967099
0.951619
0.827068
1.063812
0.903337
0.633440
-0.889805
-1.020029
-0.847026
-0.982152
-1.064374
-1.016060
-0.998500
-0.973021
-0.925255
-1.086351
-0.961343
-0.999916
-1.062202
-0.910564
-0.938181
-0.894715
-0.903383
-0.717315
0.320605
0.899029
0.954741
1.038140
0.880702
0.843022
0.887733
1.044367
1.008586
0.895703
0.871971
0.984068
0.833619
-0.143996
-0.940996
-1.011757
-0.910668
-1.030882
-0.957543
-1.044611
-1.044485
-0.909896
-0.924431
-0.944962
-1.056076
-0.992460
-0.967602
-0.942615
-0.960603
-1.033146
-0.894174
-0.683681
0.068700
0.822442
0.847262
1.035369
1.000748
0.738491
0.957208
0.959531
1.049357
0.811807
0.904027
0.994913
0.854921
-0.690842
-0.889835
-0.857161
-0.968595
-0.981298
-0.972175
-1.015962
-1.013879
-0.961318
-0.938167
-0.948660
-0.984723
-1.011674
-1.053529
-0.985992
-0.873312
-1.049706
-0.946119
-0.725483
-0.442796
0.337693
1.008363
0.999998
1.023849
0.697901
1.003743
0.936985
1.064549
0.778444
1.018505
0.967663
0.921730
-0.816536
-0.844095
-0.999314
-1.060251
-1.096727
-0.991572
-1.091307
-1.051294
-0.983653
-1.145841
-1.127305
-1.061788
-1.021086
-1.066480
-1.058527
-0.997970
-1.036562
-0.972963
-0.873330
-0.764215
-0.371307
0.954108
0.984201
1.008955
0.725653
0.845799
1.004384
1.030979
0.797990
0.991132
1.032507
0.857101
-0.851906
-0.917723
-0.948102
-0.960711
-1.040924
-0.939466
-1.059839
-1.085581
-1.085475
-1.063431
-1.051496
-1.029799
-1.066530
-1.035652
-1.039459
-0.904088
-1.060008
-0.934654
-0.958231
-0.782476
-0.435197
0.944619
0.971875
1.118431
0.815895
0.968924
1.009913
1.081498
0.806002
1.064763
1.015311
0.992488
-0.847786
-0.890706
-0.991112
-0.979168
-1.155633
-1.071377
-1.113399
-1.072376
-1.120924
-1.032917
-1.011781
-1.038869
-0.975975
-1.005890
-0.983635
-0.988465
-1.091791
-0.887828
-0.967605
-0.846735
-0.570401
0.912034
0.982404
1.137765
0.844092
1.004212
0.974114
1.060015
0.814045
1.077894
0.974854
0.902378
-0.890211
-0.950687
-0.889940
-0.994253
-1.115507
-0.976278
-1.066774
-0.995867
-1.036863
-1.069906
-0.981102
-0.979977
-0.965517
-1.007877
-1.003574
-0.949716
-0.988373
-0.834780
-1.017624
-0.828039
-0.613606
0.955611
0.967225
1.065319
0.842434
1.031171
0.978745
0.992137
0.910702
1.046791
1.017276
0.842386
-0.831511
-0.968952
-0.955513
-0.922623
-1.113179
-0.989223
-0.984703
-1.000653
-0.965422
-1.098263
-0.985151
-0.941280
-0.984629
-0.924533
-1.002045
-0.901575
-1.012023
-0.875918
-0.902995
-0.873156
-0.583170
0.924440
1.031183
1.065994
0.855407
1.047943
1.050332
0.967899
0.824838
1.035484
0.899751
0.685201
-0.782287
-0.960365
-0.987832
-1.033952
-1.115189
-1.001520
-0.981190
-0.999240
-1.024274
-1.033648
-0.954494
-1.059040
-1.033633
-0.952271
-0.931036
-0.914878
-1.005603
-0.814591
-0.905342
-0.883172
-0.221734
0.880669
1.015655
1.007940
0.880187
1.005546
1.082390
0.937240
0.859614
1.013705
0.799207
0.082918
-0.960156
-1.063978
-1.047042
-1.052572
-1.011296
-1.034742
-1.140036
-0.986986
-1.024520
-0.987696
-0.985383
-0.989710
-0.995805
-0.930956
-0.930686
-0.998061
-1.052401
-0.837693
-0.934310
-0.893101
0.392417
0.945106
0.989842
0.843747
0.984630
1.005105
1.086345
0.884512
0.911581
1.018660
0.828300
-0.607824
-0.939725
-0.933861
-0.983389
-1.091500
-1.061309
-1.092493
-1.125512
-1.021001
-0.968540
-0.914074
-0.938007
-0.949055
-1.033944
-1.008745
-1.013678
-1.048999
-1.004110
-0.762403
-0.854280
-0.858819
0.694246
0.926304
1.025500
0.837605
0.945208
0.999450
1.038567
0.701089
0.919104
1.033053
0.885666
-0.783872
-0.897404
-0.891466
-0.987268
-1.069999
-0.986179
-1.048787
-1.079360
-1.098339
-1.140638
-1.017839
-0.940717
-0.920291
-1.042113
-1.026445
-1.048448
-1.036002
-1.031029
-0.769216
-0.839020
-0.837567
0.825622
0.862611
1.104040
0.771639
0.971339
1.011283
1.053012
0.794901
1.021602
1.007197
0.941193
-0.920248
-0.976782
-0.845349
-1.056910
-1.059806
-1.044988
-1.079089
-1.001886
-1.077975
-1.055432
-0.968203
-0.923220
-0.926824
-1.030540
-0.985889
-1.011662
-1.021888
-0.941865
-0.796299
-0.912661
-0.862127
0.914028
0.942000
1.162843
0.813213
0.953104
1.012054
1.072549
0.901146
1.075297
1.092492
1.036376
-0.770501
-0.930721
-0.908443
-1.057683
-1.134140
-1.034902
-1.127331
-1.093781
-1.069322
-1.062449
-1.026227
-0.989139
-0.935401
-1.090436
-1.043943
-0.955912
-0.993793
-0.997113
-0.811508
-0.874162
-0.743006
0.971445
0.905294
1.119389
0.746113
0.954800
0.897569
1.020081
0.765394
1.109594
0.977391
0.938870
-0.781444
-0.878778
-0.860065
-1.037064
-1.116616
-1.007279
-1.087373
-0.946817
-1.020892
-1.097418
-1.132420
-1.120186
-0.948850
-0.987649
-0.991034
-0.977446
-1.094417
-0.946436
-0.820945
-0.860492
-0.702674
0.996083
0.905405
1.169100
0.845821
0.993341
0.867428
0.975469
0.822239
1.183081
0.946796
0.954289
-0.850609
-0.891950
-0.909436
-0.970667
-1.070966
-0.922193
-1.135769
-0.958927
-1.038789
-1.098602
-1.080840
-1.059412
-1.018999
-0.965366
-0.980224
-0.931370
-1.134017
-1.066469
-0.768882
-0.799932
-0.743177
0.852806
0.860536
1.163184
0.970276
1.034604
0.972087
1.006377
0.875313
1.102118
0.994009
0.851462
-0.874834
-0.993176
-0.887713
-1.035429
-1.018787
-1.052655
-1.111612
-0.975218
-1.061204
-1.056750
-1.005287
-1.037708
-1.016011
-0.976795
-0.919436
-0.943042
-1.018181
-1.048771
-0.829295
-0.891581
-0.880985
0.471642
0.596428
0.773365
0.897798
1.036845
1.069816
0.943782
0.934748
1.085168
0.958572
0.710053
-0.575225
-0.974034
-1.020618
-1.037676
-1.039771
-1.130868
-1.089602
-1.043662
-0.987691
-1.008645
-0.989744
-0.999400
-1.059738
-0.984957
-1.019254
-0.916586
-1.006590
-0.985605
-0.817226
-0.990834
-1.001252
-0.727670
-0.422394
-0.305908
0.609180
0.891437
1.112086
0.880885
0.922891
1.103764
1.033412
0.708550
0.254661
-0.632409
-1.055613
-1.061422
-1.069236
-1.144322
-1.128998
-1.101230
-0.993331
-0.948346
-1.052181
-0.973544
-1.102910
-1.041520
-0.997766
-0.915257
-0.992786
-0.984913
-0.871322
-1.120757
-0.976273
-0.960583
-0.773621
-0.884454
0.495469
0.840518
1.039013
0.846564
1.024486
0.966971
1.095532
0.792629
0.796450
0.001020
-0.884909
-1.081275
-1.019154
-1.141291
-1.099734
-1.085175
-1.054880
-1.018259
-1.007606
-0.899163
-1.006037
-1.024204
-1.003897
-0.977823
-0.932387
-0.893642
-0.951554
-1.116676
-0.930508
-0.993622
-0.851543
-0.973911
0.576918
0.861067
1.137421
0.808887
1.124086
1.053293
1.172011
0.717099
0.809523
0.554264
-0.838573
-1.126718
-1.050125
-1.068848
-1.001624
-0.962647
-1.147513
-1.007817
-0.972596
-0.977952
-1.029706
-0.949331
-0.927981
-1.014230
-0.901323
-0.863570
-0.932425
-1.165842
-0.797422
-1.009540
-0.713859
-0.840526
0.502784
0.929598
0.995548
0.908126
1.127232
1.034827
1.199765
0.707686
0.956315
0.783188
-0.846148
-1.071512
-0.975576
-1.024678
-1.064188
-1.018731
-1.142469
-1.053628
-1.017980
-0.967474
-0.996466
-0.989821
-0.922824
-0.962474
-0.967204
-0.834533
-0.860482
-1.060360
-0.846123
-0.885211
-0.624860
-0.876345
0.576796
0.944569
0.951782
0.828884
1.122625
1.030659
1.205274
0.849323
0.917854
0.734859
-0.834956
-1.051146
-0.981501
-0.988393
-1.043094
-1.090184
-1.161406
-1.052799
-1.083830
-0.951670
-0.974486
-0.941858
-0.983119
-1.022842
-0.980542
-0.964207
-0.922024
-1.134271
-0.817795
-0.929336
-0.651931
-0.718786
0.669410
0.970442
1.016183
0.749701
1.089906
0.976043
1.152883
0.897200
0.956330
0.694200
-0.757885
-1.066104
-0.946430
-0.969856
-1.011517
-1.071248
-1.100900
-1.037765
-0.998773
-0.975993
-0.990009
-0.951231
-0.951948
-1.076878
-1.002449
-0.946708
-0.919954
-1.132204
-0.781680
-0.833847
-0.167769
-0.244481
0.836211
0.997343
0.951515
0.777653
1.080309
1.046724
1.069299
0.906041
0.869790
0.704757
-0.634954
-1.031310
-0.971768
-0.968221
-0.992356
-1.088554
-1.017656
-1.006895
-1.012267
-0.982843
-1.028947
-0.916056
-0.973194
-1.061836
-1.010498
-0.954350
-0.842333
-1.076890
-0.575176
-0.242068
0.633031
0.689786
0.995466
1.067020
0.872553
0.891256
0.935833
1.110825
0.984691
0.939955
0.878687
0.656741
-0.668948
-0.939648
-0.922146
-1.037851
-1.003737
-0.956578
-1.085539
-0.960393
-0.955802
-0.997497
-1.028152
-0.835526
-0.942254
-0.954857
-0.992247
-0.926720
-0.860526
-1.049825
-0.382141
0.634591
0.775238
0.951487
0.943927
1.037215
0.837306
0.911978
0.925254
1.049039
0.898032
0.956940
0.854870
0.679052
-0.813962
-0.993240
-0.970961
-1.032144
-0.986318
-0.967788
-0.984410
-0.982901
-1.019786
-0.989781
-1.015380
-0.882533
-1.056895
-0.959485
-0.962237
-1.012874
-0.849324
-1.008102
0.110270
0.812902
0.825051
1.087415
0.929118
1.107254
0.785158
0.858918
0.967518
1.100903
0.850742
1.012737
0.920786
0.751488
-0.944002
-0.957122
-0.933189
-0.987279
-1.086762
-0.996365
-1.034091
-1.055225
-1.093708
-1.118220
-0.999108
-0.925844
-1.013209
-1.084908
-1.084291
-1.045579
-1.019175
-0.826577
0.247578
0.854572
0.831257
1.029251
0.900962
1.016768
0.602038
0.844544
0.945555
1.028346
0.867484
1.039009
0.963711
0.856152
-0.902159
-0.887964
-0.839868
-0.965768
-1.105257
-1.074228
-1.008974
-1.075901
-1.101773
-1.123250
-0.984564
-0.983644
-1.025562
-1.018137
-0.985772
-0.972062
-0.974827
-0.731947
0.389966
0.928794
0.941146
1.059957
0.978959
1.085646
0.741419
0.909919
0.970141
1.021750
0.880099
0.996057
0.961220
0.971463
-0.826106
-0.831501
-0.756566
-0.943241
-1.084225
-1.094282
-1.045351
-0.984457
-1.062872
-1.054415
-0.964318
-0.949484
-0.987096
-0.953212
-0.949948
-1.018624
-0.961301
-0.821094
0.423209
0.975409
0.856668
1.103104
0.886011
1.085891
0.757062
0.954651
1.052911
0.997543
0.795700
1.053940
0.970550
0.924009
-0.932961
-0.846689
-0.786052
-0.923506
-1.130203
-1.005922
-1.071730
-1.067257
-1.019392
-1.037915
-1.021288
-1.003091
-1.037292
-0.935227
-1.007509
-0.967333
-0.969984
-0.803494
0.391264
1.015589
0.932042
1.096997
0.858738
1.027404
0.739339
0.996757
1.031212
1.028943
0.798332
1.003939
1.019557
0.849443
-0.911219
-0.951662
-0.846876
-0.999309
-1.080076
-1.025453
-1.075610
-1.005506
-0.895752
-1.045593
-0.921228
-1.001774
-0.981304
-0.961007
-1.007446
-0.985600
-0.913644
-0.746986
0.411649
1.009175
0.929002
1.131785
0.931890
0.990912
0.619656
0.913968
0.982191
0.923294
0.789004
1.043132
0.957813
0.626534
-0.935242
-0.991695
-0.866200
-1.005751
-1.135719
-1.038671
-0.991651
-1.038618
-0.920074
-1.035376
-1.010412
-1.001922
-0.992084
-0.955937
-0.970971
-0.983267
-0.924366
-0.656146
0.354192
0.945867
0.931718
1.049855
0.913005
0.898827
0.837525
1.026656
0.977467
0.952608
0.867489
0.986567
0.857674
-0.137429
-0.945573
-0.971998
-0.917035
-1.017063
-1.059166
-1.082879
-1.101948
-1.029921
-0.957197
-1.054465
-0.989469
-0.970967
-0.978755
-0.972299
-0.987575
-1.003315
-0.882545
-0.670136
0.191570
0.756468
0.916383
1.079018
1.032882
0.899898
0.990423
1.033546
0.997962
0.772937
0.895074
0.996225
0.844143
-0.670666
-0.868402
-0.845210
-0.876031
-1.100076
-1.082484
-1.027220
-1.071761
-1.007081
-0.940231
-1.037613
-1.080233
-0.978921
-1.069278
-0.937026
-0.888215
-1.037524
-0.918184
-0.708023
-0.327784
0.372662
0.997895
1.051535
1.085938
0.825266
0.957824
0.946060
1.039974
0.856890
1.010910
0.947726
0.809514
-0.790382
-0.974064
-0.950805
-1.065305
-1.079641
-1.017899
-1.038835
-1.110979
-1.012756
-1.075612
-1.119135
-1.061491
-0.994433
-1.086913
-0.986734
-0.938778
-1.105347
-0.940306
-0.824271
-0.669184
-0.133597
0.920092
0.927374
1.031146
0.800553
0.943771
1.021244
0.962336
0.781435
0.994311
0.991540
0.836137
-0.867236
-0.886379
-0.931189
-0.998810
-1.055599
-1.009500
-1.077189
-1.122911
-1.065288
-1.031305
-1.104703
-0.976321
-1.062575
-1.095890
-0.953167
-0.996218
-0.963824
-0.820350
-0.892609
-0.598500
-0.331351
0.967081
0.980723
1.089425
0.763045
0.992948
1.022048
1.060075
0.875593
1.147795
0.917239
0.990798
-0.832782
-0.875559
-0.933662
-1.039455
-1.073996
-0.936069
-1.092393
-1.020912
-1.090489
-1.036702
-1.101110
-0.990972
-0.934947
-1.077213
-0.957093
-0.953060
-1.014923
-0.868424
-0.832729
-0.717722
-0.525660
0.984195
1.007631
1.124952
0.854269
1.015647
0.931971
1.028898
0.833438
0.991200
0.920943
0.900842
-0.825914
-0.975401
-1.010382
-1.095688
-1.086306
-0.992347
-1.035706
-1.026515
-1.003791
-1.070488
-1.015876
-1.015588
-0.936335
-0.947504
-1.025293
-0.971679
-0.990629
-0.868181
-0.877075
-0.748878
-0.683667
0.938024
0.980225
1.096731
0.870039
0.948194
0.988415
0.971441
0.862901
1.062104
0.965702
0.863446
-0.814877
-0.970542
-1.034829
-0.985840
-1.112818
-0.928922
-0.988711
-1.037053
-1.068032
-1.166293
-0.990551
-0.970110
-0.897435
-1.018298
-1.058926
-0.880264
-0.964405
-0.820198
-0.893692
-0.757528
-0.490997
0.935561
0.988549
1.112741
0.889244
1.017496
1.023072
0.941982
0.739911
1.022354
1.017792
0.647948
-0.854244
-0.929505
-0.924236
-1.074687
-1.075524
-0.957343
-0.998814
-1.019493
-1.041152
-1.083391
-0.891896
-0.930220
-0.987745
-1.039647
-1.023416
-0.969180
-0.984197
-0.808467
-0.947725
-0.842754
-0.067828
0.965224
1.039991
1.058387
0.896202
0.984121
1.047247
0.951677
0.918478
1.051093
0.921059
0.116180
-0.900926
-1.033062
-1.032929
-1.029361
-1.091331
-1.007063
-1.141528
-1.061807
-1.058613
-1.025641
-1.029894
-0.941195
-0.977689
-1.022536
-1.030480
-1.067123
-1.003178
-0.715912
-0.913596
-0.734480
0.461214
0.980928
1.029832
0.883543
0.888130
1.025123
1.069333
0.880832
0.936002
0.989908
0.927633
-0.594753
-0.830649
-0.939962
-1.034572
-1.080033
-1.094542
-1.046480
-1.107087
-0.993132
-1.053087
-1.011941
-0.954198
-0.934789
-0.997525
-1.083381
-1.083973
-1.074878
-1.055649
-0.821571
-0.975947
-0.860899
0.719492
0.959822
1.019022
0.748409
0.934249
1.006496
1.066342
0.774039
0.952262
0.948844
0.865282
-0.828042
-0.948532
-1.009607
-1.060507
-1.066723
-1.061495
-1.125383
-1.050506
-1.071261
-1.126230
-1.069972
-1.100295
-0.896844
-1.019201
-1.058339
-1.022024
-1.088693
-1.020929
-0.886103
-0.965155
-0.776282
0.791165
0.861395
1.050301
0.796887
0.950681
0.960549
0.993595
0.903495
1.078398
0.982537
0.939026
-0.872959
-0.951897
-1.002923
-1.066810
-1.175328
-1.114592
-1.145565
-1.003090
-1.143715
-1.067640
-1.068032
-0.952454
-0.933243
-1.054695
-1.027307
-0.996070
-1.081314
-1.023069
-0.814792
-0.825448
-0.799510
0.942960
0.874239
1.105825
0.819120
0.952568
0.944341
1.022651
0.870833
1.103116
1.079282
0.992564
-0.721799
-0.831682
-0.890241
-0.953247
-1.126376
-1.022090
-1.097624
-1.010030
-1.014109
-1.082354
-1.036299
-1.079844
-0.936348
-1.069090
-0.956342
-0.985613
-1.030166
-0.967764
-0.789583
-0.876478
-0.674898
0.925730
0.918467
1.101934
0.769437
0.930199
0.880068
1.063811
0.789527
1.163486
0.990016
0.919773
-0.872032
-0.954475
-0.971070
-1.048527
-1.075889
-0.925968
-1.097582
-0.961269
-0.978039
-1.053919
-1.085995
-1.063494
-0.981943
-1.002791
-0.951637
-0.899589
-1.061386
-1.050278
-0.753497
-0.836650
-0.734379
0.961771
0.936847
1.151389
0.900761
1.004575
1.017368
1.039489
0.845136
1.129492
0.950255
0.863343
-0.893747
-0.945857
-0.877404
-1.012180
-1.099334
-0.997916
-1.036217
-0.988848
-1.019109
-1.051328
-1.014211
-0.939111
-1.019889
-1.020772
-0.966715
-0.972453
-1.144358
-1.047168
-0.737440
-0.753584
-0.804912
0.910328
0.876734
1.144246
0.923911
1.072729
0.979093
0.947935
0.819616
1.053622
1.006609
0.854268
-0.846750
-0.935240
-0.866282
-1.036039
-1.070263
-0.953517
-0.984937
-1.056473
-1.059925
-1.096634
-0.964385
-0.942200
-1.032873
-1.057758
-0.943094
-0.942047
-1.044334
-1.049680
-0.720224
-0.892087
-0.835598
0.486954
0.624701
0.806747
0.837926
1.004338
1.090728
0.948006
0.915840
1.023558
1.032703
0.742080
-0.586521
-0.911006
-0.970238
-1.047569
-1.069713
-1.041134
-1.042537
-1.027005
-1.073875
-1.018346
-0.957597
-0.995251
-1.099381
-1.038680
-0.949545
-0.919891
-1.016550
-0.914365
-0.821138
-0.893581
-0.967656
-0.842353
-0.544205
-0.442359
0.743119
0.989862
1.099058
0.825155
0.976520
1.099132
1.074368
0.691575
0.184842
-0.664269
-1.029294
-1.091373
-1.033822
-1.080423
-1.067878
-1.078363
-1.039884
-0.987223
-0.988416
-0.929262
-1.011893
-0.965916
-0.979220
-0.998037
-0.983794
-0.989863
-0.883394
-1.064023
-0.981608
-1.052972
-0.875237
-0.931783
0.565830
0.920566
1.061090
0.859537
0.996801
1.005429
1.135831
0.757304
0.671353
0.047010
-0.957440
-1.138863
-1.013719
-1.104931
-1.129243
-1.043583
-1.062957
-1.059268
-1.017871
-0.941690
-1.020944
-1.053801
-0.890148
-0.943925
-1.002028
-0.866196
-0.841405
-1.102052
-0.953414
-0.968017
-0.825570
-0.908248
0.595716
0.897074
1.018405
0.837782
1.040613
1.046550
1.202584
0.812251
0.927078
0.434521
-0.938452
-1.065283
-0.974647
-1.073107
-1.027627
-0.967362
-1.091634
-1.072643
-1.032670
-0.979516
-1.079764
-0.966988
-0.958655
-1.000961
-1.013581
-0.866578
-0.862414
-1.037712
-0.821052
-0.943317
-0.724758
-0.874619
0.563830
0.991777
1.011288
0.784073
1.106627
0.990609
1.148946
0.766860
0.878711
0.734899
-0.794064
-0.998788
-0.891163
-1.085528
-1.014064
-0.999074
-1.048429
-1.033120
-1.054976
-0.990305
-1.017637
-0.980069
-0.896125
-1.008564
-0.944177
-0.952610
-0.848055
-1.080965
-0.883405
-0.881873
-0.639051
-0.961492
0.625869
0.979971
1.012881
0.880733
1.110090
1.022732
1.166124
0.812684
0.862369
0.755591
-0.784688
-1.040420
-0.961955
-1.069074
-0.984273
-1.071856
-1.133387
-1.101684
-1.045103
-1.031540
-0.966997
-0.986567
-0.915932
-1.032288
-0.999148
-0.965774
-0.948857
-1.136166
-0.746888
-0.890296
-0.643593
-0.781478
0.568734
0.810754
0.994515
0.854711
1.020272
0.972712
1.109263
0.877685
0.900634
0.768496
-0.723937
-1.068931
-1.000566
-0.983441
-0.980810
-1.078889
-1.153798
-1.028945
-1.044046
-1.003064
-0.958923
-0.990278
-0.911949
-1.060392
-0.986533
-0.954193
-0.911265
-1.065285
-0.754838
-0.818957
-0.287076
-0.446976
0.649165
0.952240
1.049708
0.801370
1.065177
0.987210
1.081262
0.870225
0.867596
0.629364
-0.738789
-1.046903
-0.962207
-1.023890
-1.041973
-1.031423
-1.155282
-0.944943
-0.991068
-0.961159
-0.922306
-0.893943
-0.986146
-1.137234
-1.027680
-1.032238
-0.913609
-1.030177
-0.603774
-0.293250
0.443505
0.621499
0.933915
1.023984
0.999626
0.899518
1.014300
1.099395
0.974003
0.921011
0.884583
0.627162
-0.761067
-0.922096
-0.870844
-1.036227
-1.097020
-1.012269
-1.108462
-0.959548
-0.964255
-0.945857
-1.014270
-0.929492
-0.980336
-0.944226
-1.014288
-0.993982
-0.863659
-0.993301
-0.270576
0.721659
0.722582
1.002360
0.921287
1.033222
0.850940
0.876774
0.949577
1.135363
0.905029
1.011233
0.807340
0.560979
-0.752751
-0.976561
-0.944296
-1.042343
-1.014051
-0.942778
-1.034466
-0.963848
-0.981785
-1.059642
-0.997459
-0.982150
-1.018328
-1.021313
-1.011040
-1.023248
-0.905373
-0.913811
